2026-03-31 01:15:22  INFO      __main__  ============================================================
2026-03-31 01:15:22  INFO      __main__  Healing Stones reconstruction pipeline
2026-03-31 01:15:22  INFO      __main__  Run timestamp : 2026-03-31_01-15-22
2026-03-31 01:15:22  INFO      __main__  Run directory : outputs/runs/2026-03-31_01-15-22
2026-03-31 01:15:22  INFO      __main__  Config file   : config.yaml
2026-03-31 01:15:22  INFO      __main__  Input dir     : data/raw/3d
2026-03-31 01:15:22  INFO      __main__  ============================================================
2026-03-31 01:15:22  INFO      __main__  Config snapshot saved -> outputs/runs/2026-03-31_01-15-22/config.yaml
2026-03-31 01:15:22  INFO      __main__  Random seed: 42
2026-03-31 01:15:22  INFO      __main__  ============================================================
2026-03-31 01:15:22  INFO      __main__  PHASE 0+1: load, decimate, preprocess
2026-03-31 01:15:22  INFO      __main__  ============================================================
2026-03-31 01:15:22  INFO      src.preprocess  Discovered 17 mesh file(s) in data/raw/3d
2026-03-31 01:15:26  INFO      src.preprocess  Loaded  NAR_ST_43B_FR_01_F_01_R_02.PLY               11860704 verts   23644524 tris  4.4s
2026-03-31 01:15:31  INFO      src.preprocess  Loaded  NAR_ST_43B_FR_02_F_01_R_01.PLY               12950276 verts   25900514 tris  4.7s
2026-03-31 01:15:35  INFO      src.preprocess  Loaded  NAR_ST_43B_FR_03_F_01_R_01.PLY               10109479 verts   20218428 tris  3.7s
2026-03-31 01:15:37  INFO      src.preprocess  Loaded  NAR_ST_43B_FR_04_F_01_R_01.PLY                7764206 verts   15513165 tris  2.8s
2026-03-31 01:15:42  INFO      src.preprocess  Loaded  NAR_ST_43B_FR_05_F_01_R_01.PLY               12823848 verts   25635427 tris  4.6s
2026-03-31 01:15:45  INFO      src.preprocess  Loaded  NAR_ST_43B_FR_06_F_01_R_01.PLY                9179652 verts   18356468 tris  3.4s
2026-03-31 01:15:46  INFO      src.preprocess  Loaded  NAR_ST_43B_FR_07_F_01_R_01.PLY                  61311 verts     122618 tris  0.0s
2026-03-31 01:15:47  INFO      src.preprocess  Loaded  NAR_ST_43B_FR_08_F_01_R_01.PLY                5251221 verts   10476450 tris  1.9s
2026-03-31 01:15:50  INFO      src.preprocess  Loaded  NAR_ST_43B_FR_09_F_01_R_01.PLY                6384319 verts   12762988 tris  2.3s
2026-03-31 01:15:51  INFO      src.preprocess  Loaded  NAR_ST_43B_FR_10_F_01_R_01.PLY                3990451 verts    7980896 tris  1.4s
2026-03-31 01:15:54  INFO      src.preprocess  Loaded  NAR_ST_43B_FR_11_F_01_R_01.PLY                6885553 verts   13767902 tris  2.5s
2026-03-31 01:15:54  INFO      src.preprocess  Loaded  NAR_ST_43B_FR_12_F_01_R_01.PLY                 155260 verts     310516 tris  0.1s
2026-03-31 01:15:54  INFO      src.preprocess  Loaded  NAR_ST_43B_FR_13_F_01_R_01.PLY                  61311 verts     122618 tris  0.0s
2026-03-31 01:15:54  INFO      src.preprocess  Loaded  NAR_ST_43B_FR_14_F_01_R_01.PLY                  65056 verts     130112 tris  0.0s
2026-03-31 01:15:54  INFO      src.preprocess  Loaded  NAR_ST_43B_FR_15_F_01_R_01.PLY                  16327 verts      32652 tris  0.0s
2026-03-31 01:15:54  INFO      src.preprocess  Loaded  NAR_ST_43B_FR_16_F_01_R_01.PLY                 195698 verts     391394 tris  0.1s
2026-03-31 01:15:54  INFO      src.preprocess  Loaded  NAR_ST_43B_FR_17_F_01_R_01.PLY                  54192 verts     108380 tris  0.0s
2026-03-31 01:15:54  INFO      src.preprocess  Loaded 17/17 meshes successfully
2026-03-31 01:15:54  INFO      src.preprocess  --- Processing 1/17: NAR_ST_43B_FR_01_F_01_R_02 ---
2026-03-31 01:15:54  INFO      src.preprocess  Cache hit  NAR_ST_43B_FR_01_F_01_R_02                467139 tris
2026-03-31 01:16:05  INFO      src.preprocess  Preprocessed  NAR_ST_43B_FR_01_F_01_R_02           227622 verts  467139 tris  pcd=50000  colors=True   diag=807.6
2026-03-31 01:16:05  INFO      src.preprocess  --- Processing 2/17: NAR_ST_43B_FR_02_F_01_R_01 ---
2026-03-31 01:16:05  INFO      src.preprocess  Cache hit  NAR_ST_43B_FR_02_F_01_R_01                522100 tris
2026-03-31 01:16:17  INFO      src.preprocess  Preprocessed  NAR_ST_43B_FR_02_F_01_R_01           254816 verts  522100 tris  pcd=50000  colors=True   diag=803.1
2026-03-31 01:16:17  INFO      src.preprocess  --- Processing 3/17: NAR_ST_43B_FR_03_F_01_R_01 ---
2026-03-31 01:16:17  INFO      src.preprocess  Cache hit  NAR_ST_43B_FR_03_F_01_R_01                428367 tris
2026-03-31 01:16:29  INFO      src.preprocess  Preprocessed  NAR_ST_43B_FR_03_F_01_R_01           204723 verts  428367 tris  pcd=50000  colors=True   diag=893.0
2026-03-31 01:16:29  INFO      src.preprocess  --- Processing 4/17: NAR_ST_43B_FR_04_F_01_R_01 ---
2026-03-31 01:16:29  INFO      src.preprocess  Cache hit  NAR_ST_43B_FR_04_F_01_R_01                303471 tris
2026-03-31 01:16:40  INFO      src.preprocess  Preprocessed  NAR_ST_43B_FR_04_F_01_R_01           147035 verts  303471 tris  pcd=50000  colors=True   diag=756.6
2026-03-31 01:16:40  INFO      src.preprocess  --- Processing 5/17: NAR_ST_43B_FR_05_F_01_R_01 ---
2026-03-31 01:16:40  INFO      src.preprocess  Cache hit  NAR_ST_43B_FR_05_F_01_R_01                529556 tris
2026-03-31 01:16:52  INFO      src.preprocess  Preprocessed  NAR_ST_43B_FR_05_F_01_R_01           255305 verts  529556 tris  pcd=50000  colors=True   diag=967.1
2026-03-31 01:16:52  INFO      src.preprocess  --- Processing 6/17: NAR_ST_43B_FR_06_F_01_R_01 ---
2026-03-31 01:16:52  INFO      src.preprocess  Cache hit  NAR_ST_43B_FR_06_F_01_R_01                342717 tris
2026-03-31 01:17:03  INFO      src.preprocess  Preprocessed  NAR_ST_43B_FR_06_F_01_R_01           167211 verts  342717 tris  pcd=50000  colors=True   diag=684.7
2026-03-31 01:17:03  INFO      src.preprocess  --- Processing 7/17: NAR_ST_43B_FR_07_F_01_R_01 ---
2026-03-31 01:17:03  INFO      src.preprocess  Cache hit  NAR_ST_43B_FR_07_F_01_R_01                2751 tris
2026-03-31 01:17:03  INFO      src.preprocess  Preprocessed  NAR_ST_43B_FR_07_F_01_R_01           1318 verts  2751 tris  pcd=1318  colors=True   diag=76.2
2026-03-31 01:17:03  INFO      src.preprocess  --- Processing 8/17: NAR_ST_43B_FR_08_F_01_R_01 ---
2026-03-31 01:17:04  INFO      src.preprocess  Cache hit  NAR_ST_43B_FR_08_F_01_R_01                190578 tris
2026-03-31 01:17:15  INFO      src.preprocess  Preprocessed  NAR_ST_43B_FR_08_F_01_R_01           91840 verts  190578 tris  pcd=50000  colors=True   diag=604.9
2026-03-31 01:17:15  INFO      src.preprocess  --- Processing 9/17: NAR_ST_43B_FR_09_F_01_R_01 ---
2026-03-31 01:17:15  INFO      src.preprocess  Cache hit  NAR_ST_43B_FR_09_F_01_R_01                251242 tris
2026-03-31 01:17:26  INFO      src.preprocess  Preprocessed  NAR_ST_43B_FR_09_F_01_R_01           122608 verts  251242 tris  pcd=50000  colors=True   diag=779.1
2026-03-31 01:17:26  INFO      src.preprocess  --- Processing 10/17: NAR_ST_43B_FR_10_F_01_R_01 ---
2026-03-31 01:17:26  INFO      src.preprocess  Cache hit  NAR_ST_43B_FR_10_F_01_R_01                151651 tris
2026-03-31 01:17:37  INFO      src.preprocess  Preprocessed  NAR_ST_43B_FR_10_F_01_R_01           73711 verts  151651 tris  pcd=50000  colors=True   diag=615.6
2026-03-31 01:17:37  INFO      src.preprocess  --- Processing 11/17: NAR_ST_43B_FR_11_F_01_R_01 ---
2026-03-31 01:17:37  INFO      src.preprocess  Cache hit  NAR_ST_43B_FR_11_F_01_R_01                268967 tris
2026-03-31 01:17:49  INFO      src.preprocess  Preprocessed  NAR_ST_43B_FR_11_F_01_R_01           129789 verts  268967 tris  pcd=50000  colors=True   diag=741.7
2026-03-31 01:17:49  INFO      src.preprocess  --- Processing 12/17: NAR_ST_43B_FR_12_F_01_R_01 ---
2026-03-31 01:17:49  INFO      src.preprocess  Cache hit  NAR_ST_43B_FR_12_F_01_R_01                5881 tris
2026-03-31 01:17:50  INFO      src.preprocess  Preprocessed  NAR_ST_43B_FR_12_F_01_R_01           2864 verts  5881 tris  pcd=2864  colors=True   diag=97.2
2026-03-31 01:17:50  INFO      src.preprocess  --- Processing 13/17: NAR_ST_43B_FR_13_F_01_R_01 ---
2026-03-31 01:17:50  INFO      src.preprocess  Cache hit  NAR_ST_43B_FR_13_F_01_R_01                2751 tris
2026-03-31 01:17:50  INFO      src.preprocess  Preprocessed  NAR_ST_43B_FR_13_F_01_R_01           1318 verts  2751 tris  pcd=1318  colors=True   diag=76.2
2026-03-31 01:17:50  INFO      src.preprocess  --- Processing 14/17: NAR_ST_43B_FR_14_F_01_R_01 ---
2026-03-31 01:17:50  INFO      src.preprocess  Cache hit  NAR_ST_43B_FR_14_F_01_R_01                2708 tris
2026-03-31 01:17:50  INFO      src.preprocess  Preprocessed  NAR_ST_43B_FR_14_F_01_R_01           1288 verts  2708 tris  pcd=1288  colors=True   diag=72.3
2026-03-31 01:17:50  INFO      src.preprocess  --- Processing 15/17: NAR_ST_43B_FR_15_F_01_R_01 ---
2026-03-31 01:17:50  INFO      src.preprocess  Cache hit  NAR_ST_43B_FR_15_F_01_R_01                32652 tris
2026-03-31 01:17:53  INFO      src.preprocess  Preprocessed  NAR_ST_43B_FR_15_F_01_R_01           16327 verts  32652 tris  pcd=16327  colors=True   diag=37.5
2026-03-31 01:17:53  INFO      src.preprocess  --- Processing 16/17: NAR_ST_43B_FR_16_F_01_R_01 ---
2026-03-31 01:17:53  INFO      src.preprocess  Cache hit  NAR_ST_43B_FR_16_F_01_R_01                7949 tris
2026-03-31 01:17:54  INFO      src.preprocess  Preprocessed  NAR_ST_43B_FR_16_F_01_R_01           3831 verts  7949 tris  pcd=3831  colors=True   diag=115.2
2026-03-31 01:17:54  INFO      src.preprocess  --- Processing 17/17: NAR_ST_43B_FR_17_F_01_R_01 ---
2026-03-31 01:17:54  INFO      src.preprocess  Cache hit  NAR_ST_43B_FR_17_F_01_R_01                2403 tris
2026-03-31 01:17:55  INFO      src.preprocess  Preprocessed  NAR_ST_43B_FR_17_F_01_R_01           1157 verts  2403 tris  pcd=1157  colors=True   diag=56.9
2026-03-31 01:17:55  INFO      src.preprocess  Phase 0+1 complete: 17/17 fragments  total=152.8s
2026-03-31 01:17:55  INFO      __main__  
2026-03-31 01:17:55  INFO      __main__    Fragment                                     V_raw     V_dec   PCD_pts  Colors  Diag_mm
2026-03-31 01:17:55  INFO      __main__    ------------------------------------------------------------------------------------------
2026-03-31 01:17:55  INFO      __main__    NAR_ST_43B_FR_01_F_01_R_02                11860704    227622     50000  True    807.6
2026-03-31 01:17:55  INFO      __main__    NAR_ST_43B_FR_02_F_01_R_01                12950276    254816     50000  True    803.1
2026-03-31 01:17:55  INFO      __main__    NAR_ST_43B_FR_03_F_01_R_01                10109479    204723     50000  True    893.0
2026-03-31 01:17:55  INFO      __main__    NAR_ST_43B_FR_04_F_01_R_01                 7764206    147035     50000  True    756.6
2026-03-31 01:17:55  INFO      __main__    NAR_ST_43B_FR_05_F_01_R_01                12823848    255305     50000  True    967.1
2026-03-31 01:17:55  INFO      __main__    NAR_ST_43B_FR_06_F_01_R_01                 9179652    167211     50000  True    684.7
2026-03-31 01:17:55  INFO      __main__    NAR_ST_43B_FR_07_F_01_R_01                   61311      1318      1318  True    76.2
2026-03-31 01:17:55  INFO      __main__    NAR_ST_43B_FR_08_F_01_R_01                 5251221     91840     50000  True    604.9
2026-03-31 01:17:55  INFO      __main__    NAR_ST_43B_FR_09_F_01_R_01                 6384319    122608     50000  True    779.1
2026-03-31 01:17:55  INFO      __main__    NAR_ST_43B_FR_10_F_01_R_01                 3990451     73711     50000  True    615.6
2026-03-31 01:17:55  INFO      __main__    NAR_ST_43B_FR_11_F_01_R_01                 6885553    129789     50000  True    741.7
2026-03-31 01:17:55  INFO      __main__    NAR_ST_43B_FR_12_F_01_R_01                  155260      2864      2864  True    97.2
2026-03-31 01:17:55  INFO      __main__    NAR_ST_43B_FR_13_F_01_R_01                   61311      1318      1318  True    76.2
2026-03-31 01:17:55  INFO      __main__    NAR_ST_43B_FR_14_F_01_R_01                   65056      1288      1288  True    72.2
2026-03-31 01:17:55  INFO      __main__    NAR_ST_43B_FR_15_F_01_R_01                   16327     16327     16327  True    37.5
2026-03-31 01:17:55  INFO      __main__    NAR_ST_43B_FR_16_F_01_R_01                  195698      3831      3831  True    115.2
2026-03-31 01:17:55  INFO      __main__    NAR_ST_43B_FR_17_F_01_R_01                   54192      1157      1157  True    56.9
2026-03-31 01:17:55  INFO      __main__  
2026-03-31 01:17:55  INFO      __main__  ============================================================
2026-03-31 01:17:55  INFO      __main__  PHASE 2-4: pairwise FPFH + RANSAC + ICP matching
2026-03-31 01:17:55  INFO      __main__  ============================================================
2026-03-31 01:17:55  INFO      src.pairwise_match  Phase 2-4: matching 17 fragments (136 pairs)
2026-03-31 01:17:55  INFO      src.pairwise_match    FPFH  NAR_ST_43B_FR_01_F_01_R_02                surface=30932 pts  down=30932 pts
2026-03-31 01:17:56  INFO      src.pairwise_match    FPFH  NAR_ST_43B_FR_02_F_01_R_01                surface=29167 pts  down=29163 pts
2026-03-31 01:17:56  INFO      src.pairwise_match    FPFH  NAR_ST_43B_FR_03_F_01_R_01                surface=29146 pts  down=29109 pts
2026-03-31 01:17:56  INFO      src.pairwise_match    FPFH  NAR_ST_43B_FR_04_F_01_R_01                surface=29031 pts  down=28906 pts
2026-03-31 01:17:57  INFO      src.pairwise_match    FPFH  NAR_ST_43B_FR_05_F_01_R_01                surface=29841 pts  down=29841 pts
2026-03-31 01:17:57  INFO      src.pairwise_match    FPFH  NAR_ST_43B_FR_06_F_01_R_01                surface=29594 pts  down=29578 pts
2026-03-31 01:17:57  INFO      src.pairwise_match    FPFH  NAR_ST_43B_FR_07_F_01_R_01                surface=  859 pts  down= 590 pts
2026-03-31 01:17:57  INFO      src.pairwise_match    FPFH  NAR_ST_43B_FR_08_F_01_R_01                surface=33401 pts  down=31281 pts
2026-03-31 01:17:58  INFO      src.pairwise_match    FPFH  NAR_ST_43B_FR_09_F_01_R_01                surface=29781 pts  down=29078 pts
2026-03-31 01:17:58  INFO      src.pairwise_match    FPFH  NAR_ST_43B_FR_10_F_01_R_01                surface=29137 pts  down=24821 pts
2026-03-31 01:17:58  INFO      src.pairwise_match    FPFH  NAR_ST_43B_FR_11_F_01_R_01                surface=28654 pts  down=28508 pts
2026-03-31 01:17:58  INFO      src.pairwise_match    FPFH  NAR_ST_43B_FR_12_F_01_R_01                surface= 1755 pts  down=1262 pts
2026-03-31 01:17:58  INFO      src.pairwise_match    FPFH  NAR_ST_43B_FR_13_F_01_R_01                surface=  876 pts  down= 617 pts
2026-03-31 01:17:58  INFO      src.pairwise_match    FPFH  NAR_ST_43B_FR_14_F_01_R_01                surface=  850 pts  down= 582 pts
2026-03-31 01:17:58  INFO      src.pairwise_match    FPFH  NAR_ST_43B_FR_15_F_01_R_01                surface=10551 pts  down= 308 pts
2026-03-31 01:17:58  INFO      src.pairwise_match    FPFH  NAR_ST_43B_FR_16_F_01_R_01                surface= 2426 pts  down=1749 pts
2026-03-31 01:17:58  INFO      src.pairwise_match    FPFH  NAR_ST_43B_FR_17_F_01_R_01                surface=  799 pts  down= 565 pts
2026-03-31 01:18:28  INFO      src.pairwise_match    COLLISION-REJECTED  (_01_R_01, _01_R_01)  icp_fit=0.466  collision=0.404 > 0.35
2026-03-31 01:18:28  INFO      src.pairwise_match    [ 83/136]  07_F_01_R_01         x 09_F_01_R_01          fit=0.612  rmse= 2.51  score=0.101  coll=0.247  0.1s
2026-03-31 01:18:28  INFO      src.pairwise_match    [ 85/136]  07_F_01_R_01         x 11_F_01_R_01          fit=0.736  rmse= 2.49  score=0.119  coll=0.312  0.1s
2026-03-31 01:18:28  INFO      src.pairwise_match    [ 86/136]  07_F_01_R_01         x 12_F_01_R_01          fit=0.714  rmse= 2.65  score=0.082  coll=0.236  0.0s
2026-03-31 01:18:28  INFO      src.pairwise_match    NEAR-DUPLICATE  (_01_R_01, _01_R_01)  icp_fit=1.000  collision=0.994 > 0.35
2026-03-31 01:18:28  INFO      src.pairwise_match    COLLISION-REJECTED  (_01_R_01, _01_R_01)  icp_fit=0.763  collision=0.413 > 0.35
2026-03-31 01:18:28  INFO      src.pairwise_match    [ 89/136]  07_F_01_R_01         x 15_F_01_R_01          fit=0.308  rmse= 1.94  score=0.109  coll=0.213  0.1s
2026-03-31 01:18:28  INFO      src.pairwise_match    COLLISION-REJECTED  (_01_R_01, _01_R_01)  icp_fit=0.761  collision=0.419 > 0.35
2026-03-31 01:18:28  INFO      src.pairwise_match    [ 91/136]  07_F_01_R_01         x 17_F_01_R_01          fit=0.646  rmse= 2.28  score=0.155  coll=0.343  0.1s
2026-03-31 01:18:34  INFO      src.pairwise_match    [122/136]  12_F_01_R_01         x 13_F_01_R_01          fit=0.294  rmse= 2.11  score=0.087  coll=0.175  0.1s
2026-03-31 01:18:34  INFO      src.pairwise_match    [123/136]  12_F_01_R_01         x 14_F_01_R_01          fit=0.366  rmse= 1.49  score=0.185  coll=0.298  0.1s
2026-03-31 01:18:34  INFO      src.pairwise_match    COLLISION-REJECTED  (_01_R_01, _01_R_01)  icp_fit=0.744  collision=0.427 > 0.35
2026-03-31 01:18:34  INFO      src.pairwise_match    [126/136]  12_F_01_R_01         x 17_F_01_R_01          fit=0.405  rmse= 2.44  score=0.076  coll=0.185  0.1s
2026-03-31 01:18:34  INFO      src.pairwise_match    COLLISION-REJECTED  (_01_R_01, _01_R_01)  icp_fit=0.744  collision=0.420 > 0.35
2026-03-31 01:18:34  INFO      src.pairwise_match    [128/136]  13_F_01_R_01         x 15_F_01_R_01          fit=0.369  rmse= 1.50  score=0.184  coll=0.289  0.1s
2026-03-31 01:18:34  INFO      src.pairwise_match    COLLISION-REJECTED  (_01_R_01, _01_R_01)  icp_fit=0.763  collision=0.426 > 0.35
2026-03-31 01:18:34  INFO      src.pairwise_match    [130/136]  13_F_01_R_01         x 17_F_01_R_01          fit=0.629  rmse= 2.30  score=0.147  coll=0.331  0.1s
2026-03-31 01:18:34  INFO      src.pairwise_match    [131/136]  14_F_01_R_01         x 15_F_01_R_01          fit=0.333  rmse= 1.19  score=0.201  coll=0.288  0.1s
2026-03-31 01:18:34  INFO      src.pairwise_match    COLLISION-REJECTED  (_01_R_01, _01_R_01)  icp_fit=0.806  collision=0.440 > 0.35
2026-03-31 01:18:34  INFO      src.pairwise_match    COLLISION-REJECTED  (_01_R_01, _01_R_01)  icp_fit=0.797  collision=0.442 > 0.35
2026-03-31 01:18:34  INFO      src.pairwise_match    COLLISION-REJECTED  (_01_R_01, _01_R_01)  icp_fit=0.870  collision=0.425 > 0.35
2026-03-31 01:18:34  INFO      src.pairwise_match    COLLISION-REJECTED  (_01_R_01, _01_R_01)  icp_fit=0.727  collision=0.394 > 0.35
2026-03-31 01:18:35  INFO      src.pairwise_match    [136/136]  16_F_01_R_01         x 17_F_01_R_01          fit=0.233  rmse= 2.31  score=0.054  coll=0.124  0.1s
2026-03-31 01:18:35  INFO      src.pairwise_match  Pairwise matching done: 12 / 136 pairs passed threshold  total=39.7s
2026-03-31 01:18:35  INFO      __main__  Pairwise results: 12 pairs passed threshold
2026-03-31 01:18:35  INFO      __main__  ============================================================
2026-03-31 01:18:35  INFO      __main__  PHASE 5-6: MST assembly + cross-validation
2026-03-31 01:18:35  INFO      __main__  ============================================================
2026-03-31 01:18:35  INFO      src.assembly  Compatibility graph: 17 nodes  1 edges  (skipped: 11 below score, 0 high collision; threshold=0.20; slab_bonus=0.10)
2026-03-31 01:18:35  INFO      src.assembly  Anchor: NAR_ST_43B_FR_05_F_01_R_01
2026-03-31 01:18:35  INFO      src.assembly  MST: 17 nodes  1 edges  16 component(s)
2026-03-31 01:18:35  INFO      src.assembly  Component 1: sub-anchor = NAR_ST_43B_FR_01_F_01_R_02
2026-03-31 01:18:35  INFO      src.assembly  Component 2: sub-anchor = NAR_ST_43B_FR_02_F_01_R_01
2026-03-31 01:18:35  INFO      src.assembly  Component 3: sub-anchor = NAR_ST_43B_FR_03_F_01_R_01
2026-03-31 01:18:35  INFO      src.assembly  Component 4: sub-anchor = NAR_ST_43B_FR_04_F_01_R_01
2026-03-31 01:18:35  INFO      src.assembly  Component 6: sub-anchor = NAR_ST_43B_FR_06_F_01_R_01
2026-03-31 01:18:35  INFO      src.assembly  Component 7: sub-anchor = NAR_ST_43B_FR_07_F_01_R_01
2026-03-31 01:18:35  INFO      src.assembly  Component 8: sub-anchor = NAR_ST_43B_FR_08_F_01_R_01
2026-03-31 01:18:35  INFO      src.assembly  Component 9: sub-anchor = NAR_ST_43B_FR_09_F_01_R_01
2026-03-31 01:18:35  INFO      src.assembly  Component 10: sub-anchor = NAR_ST_43B_FR_10_F_01_R_01
2026-03-31 01:18:35  INFO      src.assembly  Component 11: sub-anchor = NAR_ST_43B_FR_11_F_01_R_01
2026-03-31 01:18:35  INFO      src.assembly  Component 12: sub-anchor = NAR_ST_43B_FR_12_F_01_R_01
2026-03-31 01:18:35  INFO      src.assembly  Component 13: sub-anchor = NAR_ST_43B_FR_13_F_01_R_01
2026-03-31 01:18:35  INFO      src.assembly  Component 14: sub-anchor = NAR_ST_43B_FR_15_F_01_R_01
2026-03-31 01:18:35  INFO      src.assembly  Component 15: sub-anchor = NAR_ST_43B_FR_16_F_01_R_01
2026-03-31 01:18:35  INFO      src.assembly  Component 16: sub-anchor = NAR_ST_43B_FR_17_F_01_R_01
2026-03-31 01:18:35  INFO      src.assembly  Assembly complete: 17 placed  0 unplaced  16 component(s)  0.0s
2026-03-31 01:18:35  WARNING   src.assembly  16 disconnected components — many fragments could not be linked to the anchor
2026-03-31 01:18:35  INFO      __main__  ============================================================
2026-03-31 01:18:35  INFO      __main__  PHASE 7: global refinement
2026-03-31 01:18:35  INFO      __main__  ============================================================
2026-03-31 01:18:35  INFO      src.refine  Phase 7: global refinement disabled (refine.run_refinement: false)
2026-03-31 01:18:35  INFO      __main__  ============================================================
2026-03-31 01:18:35  INFO      __main__  PHASE 8-9: metrics + export
2026-03-31 01:18:35  INFO      __main__  ============================================================
2026-03-31 01:18:35  INFO      __main__  Metrics  -> metrics/summary.json
2026-03-31 01:18:35  INFO      __main__  Pairs    -> metrics/pairwise_scores.json
2026-03-31 01:18:35  INFO      __main__  Transforms -> transforms.json
2026-03-31 01:18:36  INFO      src.visualize  Exported PLYs: 17 fragments  528103 total points -> outputs/runs/2026-03-31_01-15-22/meshes
2026-03-31 01:18:36  INFO      src.visualize  Saved fragment_sizes.png
2026-03-31 01:18:36  INFO      src.visualize  Saved pairwise_heatmap.png
2026-03-31 01:18:36  INFO      src.visualize  Saved assembly_graph.png
2026-03-31 01:18:37  INFO      src.visualize  Saved assembly_preview_fragment_colors.png
2026-03-31 01:18:38  INFO      src.visualize  Saved assembly_preview_vertex_colors.png
2026-03-31 01:18:38  INFO      __main__  Experiment summary -> experiment_summary.json
2026-03-31 01:18:38  INFO      __main__  ============================================================
2026-03-31 01:18:38  INFO      __main__  Pipeline complete. Total time: 196.3s
2026-03-31 01:18:38  INFO      __main__  Run saved in: outputs/runs/2026-03-31_01-15-22
