2026-03-30 20:35:58  INFO      __main__  Pipeline started. Config: config.yaml
2026-03-30 20:35:58  INFO      __main__  Input dir:  data/raw/3d
2026-03-30 20:35:58  INFO      __main__  Output dir: outputs
2026-03-30 20:35:58  INFO      __main__  ============================================================
2026-03-30 20:35:58  INFO      __main__  PHASE 0+1: load, decimate, preprocess
2026-03-30 20:35:58  INFO      __main__  ============================================================
2026-03-30 20:35:58  INFO      src.preprocess  Discovered 17 mesh file(s) in data/raw/3d
2026-03-30 20:36:02  INFO      src.preprocess  Loaded  NAR_ST_43B_FR_01_F_01_R_02.PLY               11860704 verts   23644524 tris  3.6s
2026-03-30 20:36:05  INFO      src.preprocess  Loaded  NAR_ST_43B_FR_02_F_01_R_01.PLY               12950276 verts   25900514 tris  3.8s
2026-03-30 20:36:08  INFO      src.preprocess  Loaded  NAR_ST_43B_FR_03_F_01_R_01.PLY               10109479 verts   20218428 tris  3.0s
2026-03-30 20:36:11  INFO      src.preprocess  Loaded  NAR_ST_43B_FR_04_F_01_R_01.PLY                7764206 verts   15513165 tris  2.2s
2026-03-30 20:36:14  INFO      src.preprocess  Loaded  NAR_ST_43B_FR_05_F_01_R_01.PLY               12823848 verts   25635427 tris  3.7s
2026-03-30 20:36:17  INFO      src.preprocess  Loaded  NAR_ST_43B_FR_06_F_01_R_01.PLY                9179652 verts   18356468 tris  2.7s
2026-03-30 20:36:17  INFO      src.preprocess  Loaded  NAR_ST_43B_FR_07_F_01_R_01.PLY                  61311 verts     122618 tris  0.0s
2026-03-30 20:36:19  INFO      src.preprocess  Loaded  NAR_ST_43B_FR_08_F_01_R_01.PLY                5251221 verts   10476450 tris  1.6s
2026-03-30 20:36:20  INFO      src.preprocess  Loaded  NAR_ST_43B_FR_09_F_01_R_01.PLY                6384319 verts   12762988 tris  1.9s
2026-03-30 20:36:22  INFO      src.preprocess  Loaded  NAR_ST_43B_FR_10_F_01_R_01.PLY                3990451 verts    7980896 tris  1.2s
2026-03-30 20:36:24  INFO      src.preprocess  Loaded  NAR_ST_43B_FR_11_F_01_R_01.PLY                6885553 verts   13767902 tris  2.0s
2026-03-30 20:36:24  INFO      src.preprocess  Loaded  NAR_ST_43B_FR_12_F_01_R_01.PLY                 155260 verts     310516 tris  0.0s
2026-03-30 20:36:24  INFO      src.preprocess  Loaded  NAR_ST_43B_FR_13_F_01_R_01.PLY                  61311 verts     122618 tris  0.0s
2026-03-30 20:36:24  INFO      src.preprocess  Loaded  NAR_ST_43B_FR_14_F_01_R_01.PLY                  65056 verts     130112 tris  0.0s
2026-03-30 20:36:24  INFO      src.preprocess  Loaded  NAR_ST_43B_FR_15_F_01_R_01.PLY                  16327 verts      32652 tris  0.0s
2026-03-30 20:36:24  INFO      src.preprocess  Loaded  NAR_ST_43B_FR_16_F_01_R_01.PLY                 195698 verts     391394 tris  0.0s
2026-03-30 20:36:24  INFO      src.preprocess  Loaded  NAR_ST_43B_FR_17_F_01_R_01.PLY                  54192 verts     108380 tris  0.0s
2026-03-30 20:36:24  INFO      src.preprocess  Loaded 17/17 meshes successfully
2026-03-30 20:36:24  INFO      src.preprocess  --- Processing 1/17: NAR_ST_43B_FR_01_F_01_R_02 ---
2026-03-30 20:41:48  INFO      src.preprocess  Decimated  NAR_ST_43B_FR_01_F_01_R_02           23644524 -> 50000 tris  (0.2%)  324.3s
2026-03-30 20:43:02  INFO      __main__  Pipeline started. Config: config.yaml
2026-03-30 20:43:02  INFO      __main__  Input dir:  data/raw/3d
2026-03-30 20:43:02  INFO      __main__  Output dir: outputs
2026-03-30 20:43:02  INFO      __main__  ============================================================
2026-03-30 20:43:02  INFO      __main__  PHASE 0+1: load, decimate, preprocess
2026-03-30 20:43:02  INFO      __main__  ============================================================
2026-03-30 20:43:02  INFO      src.preprocess  Discovered 17 mesh file(s) in data/raw/3d
2026-03-30 20:43:05  INFO      src.preprocess  Loaded  NAR_ST_43B_FR_01_F_01_R_02.PLY               11860704 verts   23644524 tris  3.6s
2026-03-30 20:43:09  INFO      src.preprocess  Loaded  NAR_ST_43B_FR_02_F_01_R_01.PLY               12950276 verts   25900514 tris  3.7s
2026-03-30 20:43:12  INFO      src.preprocess  Loaded  NAR_ST_43B_FR_03_F_01_R_01.PLY               10109479 verts   20218428 tris  3.0s
2026-03-30 20:43:14  INFO      src.preprocess  Loaded  NAR_ST_43B_FR_04_F_01_R_01.PLY                7764206 verts   15513165 tris  2.2s
2026-03-30 20:43:18  INFO      src.preprocess  Loaded  NAR_ST_43B_FR_05_F_01_R_01.PLY               12823848 verts   25635427 tris  3.7s
2026-03-30 20:43:21  INFO      src.preprocess  Loaded  NAR_ST_43B_FR_06_F_01_R_01.PLY                9179652 verts   18356468 tris  2.7s
2026-03-30 20:43:21  INFO      src.preprocess  Loaded  NAR_ST_43B_FR_07_F_01_R_01.PLY                  61311 verts     122618 tris  0.0s
2026-03-30 20:43:22  INFO      src.preprocess  Loaded  NAR_ST_43B_FR_08_F_01_R_01.PLY                5251221 verts   10476450 tris  1.5s
2026-03-30 20:43:24  INFO      src.preprocess  Loaded  NAR_ST_43B_FR_09_F_01_R_01.PLY                6384319 verts   12762988 tris  1.8s
2026-03-30 20:43:25  INFO      src.preprocess  Loaded  NAR_ST_43B_FR_10_F_01_R_01.PLY                3990451 verts    7980896 tris  1.1s
2026-03-30 20:43:27  INFO      src.preprocess  Loaded  NAR_ST_43B_FR_11_F_01_R_01.PLY                6885553 verts   13767902 tris  1.9s
2026-03-30 20:43:27  INFO      src.preprocess  Loaded  NAR_ST_43B_FR_12_F_01_R_01.PLY                 155260 verts     310516 tris  0.0s
2026-03-30 20:43:27  INFO      src.preprocess  Loaded  NAR_ST_43B_FR_13_F_01_R_01.PLY                  61311 verts     122618 tris  0.0s
2026-03-30 20:43:27  INFO      src.preprocess  Loaded  NAR_ST_43B_FR_14_F_01_R_01.PLY                  65056 verts     130112 tris  0.0s
2026-03-30 20:43:27  INFO      src.preprocess  Loaded  NAR_ST_43B_FR_15_F_01_R_01.PLY                  16327 verts      32652 tris  0.0s
2026-03-30 20:43:27  INFO      src.preprocess  Loaded  NAR_ST_43B_FR_16_F_01_R_01.PLY                 195698 verts     391394 tris  0.0s
2026-03-30 20:43:27  INFO      src.preprocess  Loaded  NAR_ST_43B_FR_17_F_01_R_01.PLY                  54192 verts     108380 tris  0.0s
2026-03-30 20:43:27  INFO      src.preprocess  Loaded 17/17 meshes successfully
2026-03-30 20:43:27  INFO      src.preprocess  --- Processing 1/17: NAR_ST_43B_FR_01_F_01_R_02 ---
2026-03-30 20:43:27  INFO      src.preprocess  Cache hit  NAR_ST_43B_FR_01_F_01_R_02                50000 tris
2026-03-30 20:43:32  INFO      src.preprocess  Preprocessed  NAR_ST_43B_FR_01_F_01_R_02           24988 verts  50000 tris  pcd=24988  colors=True   diag=808.4
2026-03-30 20:43:32  INFO      src.preprocess  --- Processing 2/17: NAR_ST_43B_FR_02_F_01_R_01 ---
2026-03-30 20:43:38  INFO      src.preprocess  Decimated  NAR_ST_43B_FR_02_F_01_R_01           25900514 -> 522100 tris  (2.02%)  voxel=2.0mm  6.1s
2026-03-30 20:43:47  INFO      src.preprocess  Preprocessed  NAR_ST_43B_FR_02_F_01_R_01           254816 verts  522100 tris  pcd=50000  colors=True   diag=803.1
2026-03-30 20:43:47  INFO      src.preprocess  --- Processing 3/17: NAR_ST_43B_FR_03_F_01_R_01 ---
2026-03-30 20:43:52  INFO      src.preprocess  Decimated  NAR_ST_43B_FR_03_F_01_R_01           20218428 -> 428367 tris  (2.12%)  voxel=2.0mm  4.7s
2026-03-30 20:44:01  INFO      src.preprocess  Preprocessed  NAR_ST_43B_FR_03_F_01_R_01           204723 verts  428367 tris  pcd=50000  colors=True   diag=893.0
2026-03-30 20:44:01  INFO      src.preprocess  --- Processing 4/17: NAR_ST_43B_FR_04_F_01_R_01 ---
2026-03-30 20:44:05  INFO      src.preprocess  Decimated  NAR_ST_43B_FR_04_F_01_R_01           15513165 -> 303471 tris  (1.96%)  voxel=2.0mm  3.3s
2026-03-30 20:44:14  INFO      src.preprocess  Preprocessed  NAR_ST_43B_FR_04_F_01_R_01           147035 verts  303471 tris  pcd=50000  colors=True   diag=756.6
2026-03-30 20:44:14  INFO      src.preprocess  --- Processing 5/17: NAR_ST_43B_FR_05_F_01_R_01 ---
2026-03-30 20:44:20  INFO      src.preprocess  Decimated  NAR_ST_43B_FR_05_F_01_R_01           25635427 -> 529556 tris  (2.07%)  voxel=2.0mm  5.9s
2026-03-30 20:44:30  INFO      src.preprocess  Preprocessed  NAR_ST_43B_FR_05_F_01_R_01           255305 verts  529556 tris  pcd=50000  colors=True   diag=967.1
2026-03-30 20:44:30  INFO      src.preprocess  --- Processing 6/17: NAR_ST_43B_FR_06_F_01_R_01 ---
2026-03-30 20:44:34  INFO      src.preprocess  Decimated  NAR_ST_43B_FR_06_F_01_R_01           18356468 -> 342717 tris  (1.87%)  voxel=2.0mm  4.0s
2026-03-30 20:44:43  INFO      src.preprocess  Preprocessed  NAR_ST_43B_FR_06_F_01_R_01           167211 verts  342717 tris  pcd=50000  colors=True   diag=684.7
2026-03-30 20:44:43  INFO      src.preprocess  --- Processing 7/17: NAR_ST_43B_FR_07_F_01_R_01 ---
2026-03-30 20:44:43  INFO      src.preprocess  Decimated  NAR_ST_43B_FR_07_F_01_R_01           122618 -> 2751 tris  (2.24%)  voxel=2.0mm  0.0s
2026-03-30 20:44:43  INFO      src.preprocess  Preprocessed  NAR_ST_43B_FR_07_F_01_R_01           1318 verts  2751 tris  pcd=1318  colors=True   diag=76.2
2026-03-30 20:44:43  INFO      src.preprocess  --- Processing 8/17: NAR_ST_43B_FR_08_F_01_R_01 ---
2026-03-30 20:44:45  INFO      src.preprocess  Decimated  NAR_ST_43B_FR_08_F_01_R_01           10476450 -> 190578 tris  (1.82%)  voxel=2.0mm  2.4s
2026-03-30 20:44:54  INFO      src.preprocess  Preprocessed  NAR_ST_43B_FR_08_F_01_R_01           91840 verts  190578 tris  pcd=50000  colors=True   diag=604.9
2026-03-30 20:44:54  INFO      src.preprocess  --- Processing 9/17: NAR_ST_43B_FR_09_F_01_R_01 ---
2026-03-30 20:44:57  INFO      src.preprocess  Decimated  NAR_ST_43B_FR_09_F_01_R_01           12762988 -> 251242 tris  (1.97%)  voxel=2.0mm  2.6s
2026-03-30 20:45:06  INFO      src.preprocess  Preprocessed  NAR_ST_43B_FR_09_F_01_R_01           122608 verts  251242 tris  pcd=50000  colors=True   diag=779.1
2026-03-30 20:45:06  INFO      src.preprocess  --- Processing 10/17: NAR_ST_43B_FR_10_F_01_R_01 ---
2026-03-30 20:45:07  INFO      src.preprocess  Decimated  NAR_ST_43B_FR_10_F_01_R_01           7980896 -> 151651 tris  (1.90%)  voxel=2.0mm  1.6s
2026-03-30 20:45:16  INFO      src.preprocess  Preprocessed  NAR_ST_43B_FR_10_F_01_R_01           73711 verts  151651 tris  pcd=50000  colors=True   diag=615.6
2026-03-30 20:45:16  INFO      src.preprocess  --- Processing 11/17: NAR_ST_43B_FR_11_F_01_R_01 ---
2026-03-30 20:45:19  INFO      src.preprocess  Decimated  NAR_ST_43B_FR_11_F_01_R_01           13767902 -> 268967 tris  (1.95%)  voxel=2.0mm  3.0s
2026-03-30 20:45:29  INFO      src.preprocess  Preprocessed  NAR_ST_43B_FR_11_F_01_R_01           129789 verts  268967 tris  pcd=50000  colors=True   diag=741.7
2026-03-30 20:45:29  INFO      src.preprocess  --- Processing 12/17: NAR_ST_43B_FR_12_F_01_R_01 ---
2026-03-30 20:45:29  INFO      src.preprocess  Decimated  NAR_ST_43B_FR_12_F_01_R_01           310516 -> 5881 tris  (1.89%)  voxel=2.0mm  0.0s
2026-03-30 20:45:29  INFO      src.preprocess  Preprocessed  NAR_ST_43B_FR_12_F_01_R_01           2864 verts  5881 tris  pcd=2864  colors=True   diag=97.2
2026-03-30 20:45:29  INFO      src.preprocess  --- Processing 13/17: NAR_ST_43B_FR_13_F_01_R_01 ---
2026-03-30 20:45:29  INFO      src.preprocess  Decimated  NAR_ST_43B_FR_13_F_01_R_01           122618 -> 2751 tris  (2.24%)  voxel=2.0mm  0.0s
2026-03-30 20:45:30  INFO      src.preprocess  Preprocessed  NAR_ST_43B_FR_13_F_01_R_01           1318 verts  2751 tris  pcd=1318  colors=True   diag=76.2
2026-03-30 20:45:30  INFO      src.preprocess  --- Processing 14/17: NAR_ST_43B_FR_14_F_01_R_01 ---
2026-03-30 20:45:30  INFO      src.preprocess  Decimated  NAR_ST_43B_FR_14_F_01_R_01           130112 -> 2708 tris  (2.08%)  voxel=2.0mm  0.0s
2026-03-30 20:45:30  INFO      src.preprocess  Preprocessed  NAR_ST_43B_FR_14_F_01_R_01           1288 verts  2708 tris  pcd=1288  colors=True   diag=72.3
2026-03-30 20:45:30  INFO      src.preprocess  --- Processing 15/17: NAR_ST_43B_FR_15_F_01_R_01 ---
2026-03-30 20:45:30  INFO      src.preprocess  No decimation needed  NAR_ST_43B_FR_15_F_01_R_01      32652 tris <= target 50000
2026-03-30 20:45:32  INFO      src.preprocess  Preprocessed  NAR_ST_43B_FR_15_F_01_R_01           16327 verts  32652 tris  pcd=16327  colors=True   diag=37.5
2026-03-30 20:45:32  INFO      src.preprocess  --- Processing 16/17: NAR_ST_43B_FR_16_F_01_R_01 ---
2026-03-30 20:45:32  INFO      src.preprocess  Decimated  NAR_ST_43B_FR_16_F_01_R_01           391394 -> 7949 tris  (2.03%)  voxel=2.0mm  0.1s
2026-03-30 20:45:33  INFO      src.preprocess  Preprocessed  NAR_ST_43B_FR_16_F_01_R_01           3831 verts  7949 tris  pcd=3831  colors=True   diag=115.2
2026-03-30 20:45:33  INFO      src.preprocess  --- Processing 17/17: NAR_ST_43B_FR_17_F_01_R_01 ---
2026-03-30 20:45:33  INFO      src.preprocess  Decimated  NAR_ST_43B_FR_17_F_01_R_01           108380 -> 2403 tris  (2.22%)  voxel=2.0mm  0.0s
2026-03-30 20:45:33  INFO      src.preprocess  Preprocessed  NAR_ST_43B_FR_17_F_01_R_01           1157 verts  2403 tris  pcd=1157  colors=True   diag=56.9
2026-03-30 20:45:33  INFO      src.preprocess  Phase 0+1 complete: 17/17 fragments  total=151.6s
2026-03-30 20:45:34  INFO      __main__  Fragment summary saved to outputs/metrics/fragments_summary.json
2026-03-30 20:45:34  INFO      __main__  
2026-03-30 20:45:34  INFO      __main__    Fragment                                     V_raw     V_dec   PCD_pts  Colors  Diag_mm
2026-03-30 20:45:34  INFO      __main__    ------------------------------------------------------------------------------------------
2026-03-30 20:45:34  INFO      __main__    NAR_ST_43B_FR_01_F_01_R_02                11860704     24988     24988  True    808.4
2026-03-30 20:45:34  INFO      __main__    NAR_ST_43B_FR_02_F_01_R_01                12950276    254816     50000  True    803.1
2026-03-30 20:45:34  INFO      __main__    NAR_ST_43B_FR_03_F_01_R_01                10109479    204723     50000  True    893.0
2026-03-30 20:45:34  INFO      __main__    NAR_ST_43B_FR_04_F_01_R_01                 7764206    147035     50000  True    756.6
2026-03-30 20:45:34  INFO      __main__    NAR_ST_43B_FR_05_F_01_R_01                12823848    255305     50000  True    967.1
2026-03-30 20:45:34  INFO      __main__    NAR_ST_43B_FR_06_F_01_R_01                 9179652    167211     50000  True    684.7
2026-03-30 20:45:34  INFO      __main__    NAR_ST_43B_FR_07_F_01_R_01                   61311      1318      1318  True    76.2
2026-03-30 20:45:34  INFO      __main__    NAR_ST_43B_FR_08_F_01_R_01                 5251221     91840     50000  True    604.9
2026-03-30 20:45:34  INFO      __main__    NAR_ST_43B_FR_09_F_01_R_01                 6384319    122608     50000  True    779.1
2026-03-30 20:45:34  INFO      __main__    NAR_ST_43B_FR_10_F_01_R_01                 3990451     73711     50000  True    615.6
2026-03-30 20:45:34  INFO      __main__    NAR_ST_43B_FR_11_F_01_R_01                 6885553    129789     50000  True    741.7
2026-03-30 20:45:34  INFO      __main__    NAR_ST_43B_FR_12_F_01_R_01                  155260      2864      2864  True    97.2
2026-03-30 20:45:34  INFO      __main__    NAR_ST_43B_FR_13_F_01_R_01                   61311      1318      1318  True    76.2
2026-03-30 20:45:34  INFO      __main__    NAR_ST_43B_FR_14_F_01_R_01                   65056      1288      1288  True    72.2
2026-03-30 20:45:34  INFO      __main__    NAR_ST_43B_FR_15_F_01_R_01                   16327     16327     16327  True    37.5
2026-03-30 20:45:34  INFO      __main__    NAR_ST_43B_FR_16_F_01_R_01                  195698      3831      3831  True    115.2
2026-03-30 20:45:34  INFO      __main__    NAR_ST_43B_FR_17_F_01_R_01                   54192      1157      1157  True    56.9
2026-03-30 20:45:34  INFO      __main__  
2026-03-30 20:45:34  INFO      __main__  Requested phases complete. Total time: 152.0s
2026-03-30 20:49:07  INFO      __main__  Pipeline started. Config: config.yaml
2026-03-30 20:49:07  INFO      __main__  Input dir:  data/raw/3d
2026-03-30 20:49:07  INFO      __main__  Output dir: outputs
2026-03-30 20:49:07  INFO      __main__  ============================================================
2026-03-30 20:49:07  INFO      __main__  PHASE 0+1: load, decimate, preprocess
2026-03-30 20:49:07  INFO      __main__  ============================================================
2026-03-30 20:49:07  INFO      src.preprocess  Discovered 17 mesh file(s) in data/raw/3d
2026-03-30 20:49:11  INFO      src.preprocess  Loaded  NAR_ST_43B_FR_01_F_01_R_02.PLY               11860704 verts   23644524 tris  3.7s
2026-03-30 20:49:15  INFO      src.preprocess  Loaded  NAR_ST_43B_FR_02_F_01_R_01.PLY               12950276 verts   25900514 tris  3.7s
2026-03-30 20:49:18  INFO      src.preprocess  Loaded  NAR_ST_43B_FR_03_F_01_R_01.PLY               10109479 verts   20218428 tris  3.1s
2026-03-30 20:49:20  INFO      src.preprocess  Loaded  NAR_ST_43B_FR_04_F_01_R_01.PLY                7764206 verts   15513165 tris  2.2s
2026-03-30 20:49:24  INFO      src.preprocess  Loaded  NAR_ST_43B_FR_05_F_01_R_01.PLY               12823848 verts   25635427 tris  3.8s
2026-03-30 20:49:27  INFO      src.preprocess  Loaded  NAR_ST_43B_FR_06_F_01_R_01.PLY                9179652 verts   18356468 tris  2.9s
2026-03-30 20:49:27  INFO      src.preprocess  Loaded  NAR_ST_43B_FR_07_F_01_R_01.PLY                  61311 verts     122618 tris  0.0s
2026-03-30 20:49:28  INFO      src.preprocess  Loaded  NAR_ST_43B_FR_08_F_01_R_01.PLY                5251221 verts   10476450 tris  1.6s
2026-03-30 20:49:30  INFO      src.preprocess  Loaded  NAR_ST_43B_FR_09_F_01_R_01.PLY                6384319 verts   12762988 tris  1.9s
2026-03-30 20:49:31  INFO      src.preprocess  Loaded  NAR_ST_43B_FR_10_F_01_R_01.PLY                3990451 verts    7980896 tris  1.2s
2026-03-30 20:49:33  INFO      src.preprocess  Loaded  NAR_ST_43B_FR_11_F_01_R_01.PLY                6885553 verts   13767902 tris  2.0s
2026-03-30 20:49:33  INFO      src.preprocess  Loaded  NAR_ST_43B_FR_12_F_01_R_01.PLY                 155260 verts     310516 tris  0.0s
2026-03-30 20:49:33  INFO      src.preprocess  Loaded  NAR_ST_43B_FR_13_F_01_R_01.PLY                  61311 verts     122618 tris  0.0s
2026-03-30 20:49:33  INFO      src.preprocess  Loaded  NAR_ST_43B_FR_14_F_01_R_01.PLY                  65056 verts     130112 tris  0.0s
2026-03-30 20:49:34  INFO      src.preprocess  Loaded  NAR_ST_43B_FR_15_F_01_R_01.PLY                  16327 verts      32652 tris  0.0s
2026-03-30 20:49:34  INFO      src.preprocess  Loaded  NAR_ST_43B_FR_16_F_01_R_01.PLY                 195698 verts     391394 tris  0.1s
2026-03-30 20:49:34  INFO      src.preprocess  Loaded  NAR_ST_43B_FR_17_F_01_R_01.PLY                  54192 verts     108380 tris  0.0s
2026-03-30 20:49:34  INFO      src.preprocess  Loaded 17/17 meshes successfully
2026-03-30 20:49:34  INFO      src.preprocess  --- Processing 1/17: NAR_ST_43B_FR_01_F_01_R_02 ---
2026-03-30 20:49:39  INFO      src.preprocess  Decimated  NAR_ST_43B_FR_01_F_01_R_02           23644524 -> 467139 tris  (1.98%)  voxel=2.0mm  5.6s
2026-03-30 20:49:49  INFO      src.preprocess  Preprocessed  NAR_ST_43B_FR_01_F_01_R_02           227622 verts  467139 tris  pcd=50000  colors=True   diag=807.6
2026-03-30 20:49:49  INFO      src.preprocess  --- Processing 2/17: NAR_ST_43B_FR_02_F_01_R_01 ---
2026-03-30 20:49:49  INFO      src.preprocess  Cache hit  NAR_ST_43B_FR_02_F_01_R_01                522100 tris
2026-03-30 20:49:58  INFO      src.preprocess  Preprocessed  NAR_ST_43B_FR_02_F_01_R_01           254816 verts  522100 tris  pcd=50000  colors=True   diag=803.1
2026-03-30 20:49:58  INFO      src.preprocess  --- Processing 3/17: NAR_ST_43B_FR_03_F_01_R_01 ---
2026-03-30 20:49:58  INFO      src.preprocess  Cache hit  NAR_ST_43B_FR_03_F_01_R_01                428367 tris
2026-03-30 20:50:08  INFO      src.preprocess  Preprocessed  NAR_ST_43B_FR_03_F_01_R_01           204723 verts  428367 tris  pcd=50000  colors=True   diag=893.0
2026-03-30 20:50:08  INFO      src.preprocess  --- Processing 4/17: NAR_ST_43B_FR_04_F_01_R_01 ---
2026-03-30 20:50:08  INFO      src.preprocess  Cache hit  NAR_ST_43B_FR_04_F_01_R_01                303471 tris
2026-03-30 20:50:17  INFO      src.preprocess  Preprocessed  NAR_ST_43B_FR_04_F_01_R_01           147035 verts  303471 tris  pcd=50000  colors=True   diag=756.6
2026-03-30 20:50:17  INFO      src.preprocess  --- Processing 5/17: NAR_ST_43B_FR_05_F_01_R_01 ---
2026-03-30 20:50:18  INFO      src.preprocess  Cache hit  NAR_ST_43B_FR_05_F_01_R_01                529556 tris
2026-03-30 20:50:27  INFO      src.preprocess  Preprocessed  NAR_ST_43B_FR_05_F_01_R_01           255305 verts  529556 tris  pcd=50000  colors=True   diag=967.1
2026-03-30 20:50:27  INFO      src.preprocess  --- Processing 6/17: NAR_ST_43B_FR_06_F_01_R_01 ---
2026-03-30 20:50:27  INFO      src.preprocess  Cache hit  NAR_ST_43B_FR_06_F_01_R_01                342717 tris
2026-03-30 20:50:36  INFO      src.preprocess  Preprocessed  NAR_ST_43B_FR_06_F_01_R_01           167211 verts  342717 tris  pcd=50000  colors=True   diag=684.7
2026-03-30 20:50:36  INFO      src.preprocess  --- Processing 7/17: NAR_ST_43B_FR_07_F_01_R_01 ---
2026-03-30 20:50:36  INFO      src.preprocess  Cache hit  NAR_ST_43B_FR_07_F_01_R_01                2751 tris
2026-03-30 20:50:37  INFO      src.preprocess  Preprocessed  NAR_ST_43B_FR_07_F_01_R_01           1318 verts  2751 tris  pcd=1318  colors=True   diag=76.2
2026-03-30 20:50:37  INFO      src.preprocess  --- Processing 8/17: NAR_ST_43B_FR_08_F_01_R_01 ---
2026-03-30 20:50:37  INFO      src.preprocess  Cache hit  NAR_ST_43B_FR_08_F_01_R_01                190578 tris
2026-03-30 20:50:46  INFO      src.preprocess  Preprocessed  NAR_ST_43B_FR_08_F_01_R_01           91840 verts  190578 tris  pcd=50000  colors=True   diag=604.9
2026-03-30 20:50:46  INFO      src.preprocess  --- Processing 9/17: NAR_ST_43B_FR_09_F_01_R_01 ---
2026-03-30 20:50:46  INFO      src.preprocess  Cache hit  NAR_ST_43B_FR_09_F_01_R_01                251242 tris
2026-03-30 20:51:31  INFO      __main__  Pipeline started. Config: config.yaml
2026-03-30 20:51:31  INFO      __main__  Input dir:  data/raw/3d
2026-03-30 20:51:31  INFO      __main__  Output dir: outputs
2026-03-30 20:51:31  INFO      __main__  ============================================================
2026-03-30 20:51:31  INFO      __main__  PHASE 0+1: load, decimate, preprocess
2026-03-30 20:51:31  INFO      __main__  ============================================================
2026-03-30 20:51:31  INFO      src.preprocess  Discovered 17 mesh file(s) in data/raw/3d
2026-03-30 20:51:35  INFO      src.preprocess  Loaded  NAR_ST_43B_FR_01_F_01_R_02.PLY               11860704 verts   23644524 tris  4.0s
2026-03-30 20:51:38  INFO      src.preprocess  Loaded  NAR_ST_43B_FR_02_F_01_R_01.PLY               12950276 verts   25900514 tris  3.8s
2026-03-30 20:51:42  INFO      src.preprocess  Loaded  NAR_ST_43B_FR_03_F_01_R_01.PLY               10109479 verts   20218428 tris  3.1s
2026-03-30 20:51:44  INFO      src.preprocess  Loaded  NAR_ST_43B_FR_04_F_01_R_01.PLY                7764206 verts   15513165 tris  2.3s
2026-03-30 20:51:48  INFO      src.preprocess  Loaded  NAR_ST_43B_FR_05_F_01_R_01.PLY               12823848 verts   25635427 tris  3.7s
2026-03-30 20:51:50  INFO      src.preprocess  Loaded  NAR_ST_43B_FR_06_F_01_R_01.PLY                9179652 verts   18356468 tris  2.8s
2026-03-30 20:51:50  INFO      src.preprocess  Loaded  NAR_ST_43B_FR_07_F_01_R_01.PLY                  61311 verts     122618 tris  0.0s
2026-03-30 20:51:52  INFO      src.preprocess  Loaded  NAR_ST_43B_FR_08_F_01_R_01.PLY                5251221 verts   10476450 tris  1.6s
2026-03-30 20:51:54  INFO      src.preprocess  Loaded  NAR_ST_43B_FR_09_F_01_R_01.PLY                6384319 verts   12762988 tris  1.9s
2026-03-30 20:51:55  INFO      src.preprocess  Loaded  NAR_ST_43B_FR_10_F_01_R_01.PLY                3990451 verts    7980896 tris  1.1s
2026-03-30 20:51:57  INFO      src.preprocess  Loaded  NAR_ST_43B_FR_11_F_01_R_01.PLY                6885553 verts   13767902 tris  2.0s
2026-03-30 20:51:57  INFO      src.preprocess  Loaded  NAR_ST_43B_FR_12_F_01_R_01.PLY                 155260 verts     310516 tris  0.0s
2026-03-30 20:51:57  INFO      src.preprocess  Loaded  NAR_ST_43B_FR_13_F_01_R_01.PLY                  61311 verts     122618 tris  0.0s
2026-03-30 20:51:57  INFO      src.preprocess  Loaded  NAR_ST_43B_FR_14_F_01_R_01.PLY                  65056 verts     130112 tris  0.0s
2026-03-30 20:51:57  INFO      src.preprocess  Loaded  NAR_ST_43B_FR_15_F_01_R_01.PLY                  16327 verts      32652 tris  0.0s
2026-03-30 20:51:57  INFO      src.preprocess  Loaded  NAR_ST_43B_FR_16_F_01_R_01.PLY                 195698 verts     391394 tris  0.0s
2026-03-30 20:51:57  INFO      src.preprocess  Loaded  NAR_ST_43B_FR_17_F_01_R_01.PLY                  54192 verts     108380 tris  0.0s
2026-03-30 20:51:57  INFO      src.preprocess  Loaded 17/17 meshes successfully
2026-03-30 20:51:57  INFO      src.preprocess  --- Processing 1/17: NAR_ST_43B_FR_01_F_01_R_02 ---
2026-03-30 20:52:02  INFO      src.preprocess  Decimated  NAR_ST_43B_FR_01_F_01_R_02           23644524 -> 467139 tris  (1.98%)  voxel=2.0mm  5.3s
2026-03-30 20:52:12  INFO      src.preprocess  Preprocessed  NAR_ST_43B_FR_01_F_01_R_02           227622 verts  467139 tris  pcd=50000  colors=True   diag=807.6
2026-03-30 20:52:12  INFO      src.preprocess  --- Processing 2/17: NAR_ST_43B_FR_02_F_01_R_01 ---
2026-03-30 20:52:12  INFO      src.preprocess  Cache hit  NAR_ST_43B_FR_02_F_01_R_01                522100 tris
2026-03-30 20:52:21  INFO      src.preprocess  Preprocessed  NAR_ST_43B_FR_02_F_01_R_01           254816 verts  522100 tris  pcd=50000  colors=True   diag=803.1
2026-03-30 20:52:21  INFO      src.preprocess  --- Processing 3/17: NAR_ST_43B_FR_03_F_01_R_01 ---
2026-03-30 20:52:21  INFO      src.preprocess  Cache hit  NAR_ST_43B_FR_03_F_01_R_01                428367 tris
2026-03-30 20:52:31  INFO      src.preprocess  Preprocessed  NAR_ST_43B_FR_03_F_01_R_01           204723 verts  428367 tris  pcd=50000  colors=True   diag=893.0
2026-03-30 20:52:31  INFO      src.preprocess  --- Processing 4/17: NAR_ST_43B_FR_04_F_01_R_01 ---
2026-03-30 20:52:31  INFO      src.preprocess  Cache hit  NAR_ST_43B_FR_04_F_01_R_01                303471 tris
2026-03-30 20:52:40  INFO      src.preprocess  Preprocessed  NAR_ST_43B_FR_04_F_01_R_01           147035 verts  303471 tris  pcd=50000  colors=True   diag=756.6
2026-03-30 20:52:40  INFO      src.preprocess  --- Processing 5/17: NAR_ST_43B_FR_05_F_01_R_01 ---
2026-03-30 20:52:40  INFO      src.preprocess  Cache hit  NAR_ST_43B_FR_05_F_01_R_01                529556 tris
2026-03-30 20:52:50  INFO      src.preprocess  Preprocessed  NAR_ST_43B_FR_05_F_01_R_01           255305 verts  529556 tris  pcd=50000  colors=True   diag=967.1
2026-03-30 20:52:50  INFO      src.preprocess  --- Processing 6/17: NAR_ST_43B_FR_06_F_01_R_01 ---
2026-03-30 20:52:50  INFO      src.preprocess  Cache hit  NAR_ST_43B_FR_06_F_01_R_01                342717 tris
2026-03-30 20:52:59  INFO      src.preprocess  Preprocessed  NAR_ST_43B_FR_06_F_01_R_01           167211 verts  342717 tris  pcd=50000  colors=True   diag=684.7
2026-03-30 20:52:59  INFO      src.preprocess  --- Processing 7/17: NAR_ST_43B_FR_07_F_01_R_01 ---
2026-03-30 20:52:59  INFO      src.preprocess  Cache hit  NAR_ST_43B_FR_07_F_01_R_01                2751 tris
2026-03-30 20:52:59  INFO      src.preprocess  Preprocessed  NAR_ST_43B_FR_07_F_01_R_01           1318 verts  2751 tris  pcd=1318  colors=True   diag=76.2
2026-03-30 20:52:59  INFO      src.preprocess  --- Processing 8/17: NAR_ST_43B_FR_08_F_01_R_01 ---
2026-03-30 20:52:59  INFO      src.preprocess  Cache hit  NAR_ST_43B_FR_08_F_01_R_01                190578 tris
2026-03-30 20:53:08  INFO      src.preprocess  Preprocessed  NAR_ST_43B_FR_08_F_01_R_01           91840 verts  190578 tris  pcd=50000  colors=True   diag=604.9
2026-03-30 20:53:08  INFO      src.preprocess  --- Processing 9/17: NAR_ST_43B_FR_09_F_01_R_01 ---
2026-03-30 20:53:08  INFO      src.preprocess  Cache hit  NAR_ST_43B_FR_09_F_01_R_01                251242 tris
2026-03-30 20:53:18  INFO      src.preprocess  Preprocessed  NAR_ST_43B_FR_09_F_01_R_01           122608 verts  251242 tris  pcd=50000  colors=True   diag=779.1
2026-03-30 20:53:18  INFO      src.preprocess  --- Processing 10/17: NAR_ST_43B_FR_10_F_01_R_01 ---
2026-03-30 20:53:18  INFO      src.preprocess  Cache hit  NAR_ST_43B_FR_10_F_01_R_01                151651 tris
2026-03-30 20:53:27  INFO      src.preprocess  Preprocessed  NAR_ST_43B_FR_10_F_01_R_01           73711 verts  151651 tris  pcd=50000  colors=True   diag=615.6
2026-03-30 20:53:27  INFO      src.preprocess  --- Processing 11/17: NAR_ST_43B_FR_11_F_01_R_01 ---
2026-03-30 20:53:27  INFO      src.preprocess  Cache hit  NAR_ST_43B_FR_11_F_01_R_01                268967 tris
2026-03-30 20:53:36  INFO      src.preprocess  Preprocessed  NAR_ST_43B_FR_11_F_01_R_01           129789 verts  268967 tris  pcd=50000  colors=True   diag=741.7
2026-03-30 20:53:36  INFO      src.preprocess  --- Processing 12/17: NAR_ST_43B_FR_12_F_01_R_01 ---
2026-03-30 20:53:36  INFO      src.preprocess  Cache hit  NAR_ST_43B_FR_12_F_01_R_01                5881 tris
2026-03-30 20:53:37  INFO      src.preprocess  Preprocessed  NAR_ST_43B_FR_12_F_01_R_01           2864 verts  5881 tris  pcd=2864  colors=True   diag=97.2
2026-03-30 20:53:37  INFO      src.preprocess  --- Processing 13/17: NAR_ST_43B_FR_13_F_01_R_01 ---
2026-03-30 20:53:37  INFO      src.preprocess  Cache hit  NAR_ST_43B_FR_13_F_01_R_01                2751 tris
2026-03-30 20:53:37  INFO      src.preprocess  Preprocessed  NAR_ST_43B_FR_13_F_01_R_01           1318 verts  2751 tris  pcd=1318  colors=True   diag=76.2
2026-03-30 20:53:37  INFO      src.preprocess  --- Processing 14/17: NAR_ST_43B_FR_14_F_01_R_01 ---
2026-03-30 20:53:37  INFO      src.preprocess  Cache hit  NAR_ST_43B_FR_14_F_01_R_01                2708 tris
2026-03-30 20:53:37  INFO      src.preprocess  Preprocessed  NAR_ST_43B_FR_14_F_01_R_01           1288 verts  2708 tris  pcd=1288  colors=True   diag=72.3
2026-03-30 20:53:37  INFO      src.preprocess  --- Processing 15/17: NAR_ST_43B_FR_15_F_01_R_01 ---
2026-03-30 20:53:37  INFO      src.preprocess  Cache hit  NAR_ST_43B_FR_15_F_01_R_01                32652 tris
2026-03-30 20:53:40  INFO      src.preprocess  Preprocessed  NAR_ST_43B_FR_15_F_01_R_01           16327 verts  32652 tris  pcd=16327  colors=True   diag=37.5
2026-03-30 20:53:40  INFO      src.preprocess  --- Processing 16/17: NAR_ST_43B_FR_16_F_01_R_01 ---
2026-03-30 20:53:40  INFO      src.preprocess  Cache hit  NAR_ST_43B_FR_16_F_01_R_01                7949 tris
2026-03-30 20:53:41  INFO      src.preprocess  Preprocessed  NAR_ST_43B_FR_16_F_01_R_01           3831 verts  7949 tris  pcd=3831  colors=True   diag=115.2
2026-03-30 20:53:41  INFO      src.preprocess  --- Processing 17/17: NAR_ST_43B_FR_17_F_01_R_01 ---
2026-03-30 20:53:41  INFO      src.preprocess  Cache hit  NAR_ST_43B_FR_17_F_01_R_01                2403 tris
2026-03-30 20:53:41  INFO      src.preprocess  Preprocessed  NAR_ST_43B_FR_17_F_01_R_01           1157 verts  2403 tris  pcd=1157  colors=True   diag=56.9
2026-03-30 20:53:41  INFO      src.preprocess  Phase 0+1 complete: 17/17 fragments  total=130.2s
2026-03-30 20:53:41  INFO      __main__  Fragment summary saved to outputs/metrics/fragments_summary.json
2026-03-30 20:53:41  INFO      __main__  
2026-03-30 20:53:41  INFO      __main__    Fragment                                     V_raw     V_dec   PCD_pts  Colors  Diag_mm
2026-03-30 20:53:41  INFO      __main__    ------------------------------------------------------------------------------------------
2026-03-30 20:53:41  INFO      __main__    NAR_ST_43B_FR_01_F_01_R_02                11860704    227622     50000  True    807.6
2026-03-30 20:53:41  INFO      __main__    NAR_ST_43B_FR_02_F_01_R_01                12950276    254816     50000  True    803.1
2026-03-30 20:53:41  INFO      __main__    NAR_ST_43B_FR_03_F_01_R_01                10109479    204723     50000  True    893.0
2026-03-30 20:53:41  INFO      __main__    NAR_ST_43B_FR_04_F_01_R_01                 7764206    147035     50000  True    756.6
2026-03-30 20:53:41  INFO      __main__    NAR_ST_43B_FR_05_F_01_R_01                12823848    255305     50000  True    967.1
2026-03-30 20:53:41  INFO      __main__    NAR_ST_43B_FR_06_F_01_R_01                 9179652    167211     50000  True    684.7
2026-03-30 20:53:41  INFO      __main__    NAR_ST_43B_FR_07_F_01_R_01                   61311      1318      1318  True    76.2
2026-03-30 20:53:41  INFO      __main__    NAR_ST_43B_FR_08_F_01_R_01                 5251221     91840     50000  True    604.9
2026-03-30 20:53:41  INFO      __main__    NAR_ST_43B_FR_09_F_01_R_01                 6384319    122608     50000  True    779.1
2026-03-30 20:53:41  INFO      __main__    NAR_ST_43B_FR_10_F_01_R_01                 3990451     73711     50000  True    615.6
2026-03-30 20:53:41  INFO      __main__    NAR_ST_43B_FR_11_F_01_R_01                 6885553    129789     50000  True    741.7
2026-03-30 20:53:41  INFO      __main__    NAR_ST_43B_FR_12_F_01_R_01                  155260      2864      2864  True    97.2
2026-03-30 20:53:41  INFO      __main__    NAR_ST_43B_FR_13_F_01_R_01                   61311      1318      1318  True    76.2
2026-03-30 20:53:41  INFO      __main__    NAR_ST_43B_FR_14_F_01_R_01                   65056      1288      1288  True    72.2
2026-03-30 20:53:41  INFO      __main__    NAR_ST_43B_FR_15_F_01_R_01                   16327     16327     16327  True    37.5
2026-03-30 20:53:41  INFO      __main__    NAR_ST_43B_FR_16_F_01_R_01                  195698      3831      3831  True    115.2
2026-03-30 20:53:41  INFO      __main__    NAR_ST_43B_FR_17_F_01_R_01                   54192      1157      1157  True    56.9
2026-03-30 20:53:41  INFO      __main__  
2026-03-30 20:53:41  INFO      __main__  Requested phases complete. Total time: 130.6s
2026-03-30 22:55:44  INFO      __main__  Pipeline started. Config: config.yaml
2026-03-30 22:55:44  INFO      __main__  Input dir:  data/raw/3d
2026-03-30 22:55:44  INFO      __main__  Output dir: outputs
2026-03-30 22:55:44  INFO      __main__  Random seed: 42
2026-03-30 22:55:44  INFO      __main__  ============================================================
2026-03-30 22:55:44  INFO      __main__  PHASE 0+1: load, decimate, preprocess
2026-03-30 22:55:44  INFO      __main__  ============================================================
2026-03-30 22:55:44  INFO      src.preprocess  Discovered 17 mesh file(s) in data/raw/3d
2026-03-30 22:55:48  INFO      src.preprocess  Loaded  NAR_ST_43B_FR_01_F_01_R_02.PLY               11860704 verts   23644524 tris  3.6s
2026-03-30 22:55:52  INFO      src.preprocess  Loaded  NAR_ST_43B_FR_02_F_01_R_01.PLY               12950276 verts   25900514 tris  3.9s
2026-03-30 22:55:55  INFO      src.preprocess  Loaded  NAR_ST_43B_FR_03_F_01_R_01.PLY               10109479 verts   20218428 tris  3.0s
2026-03-30 22:55:57  INFO      src.preprocess  Loaded  NAR_ST_43B_FR_04_F_01_R_01.PLY                7764206 verts   15513165 tris  2.2s
2026-03-30 22:56:01  INFO      src.preprocess  Loaded  NAR_ST_43B_FR_05_F_01_R_01.PLY               12823848 verts   25635427 tris  3.7s
2026-03-30 22:56:03  INFO      src.preprocess  Loaded  NAR_ST_43B_FR_06_F_01_R_01.PLY                9179652 verts   18356468 tris  2.7s
2026-03-30 22:56:03  INFO      src.preprocess  Loaded  NAR_ST_43B_FR_07_F_01_R_01.PLY                  61311 verts     122618 tris  0.0s
2026-03-30 22:56:05  INFO      src.preprocess  Loaded  NAR_ST_43B_FR_08_F_01_R_01.PLY                5251221 verts   10476450 tris  1.5s
2026-03-30 22:56:07  INFO      src.preprocess  Loaded  NAR_ST_43B_FR_09_F_01_R_01.PLY                6384319 verts   12762988 tris  1.8s
2026-03-30 22:56:08  INFO      src.preprocess  Loaded  NAR_ST_43B_FR_10_F_01_R_01.PLY                3990451 verts    7980896 tris  1.1s
2026-03-30 22:56:10  INFO      src.preprocess  Loaded  NAR_ST_43B_FR_11_F_01_R_01.PLY                6885553 verts   13767902 tris  2.0s
2026-03-30 22:56:10  INFO      src.preprocess  Loaded  NAR_ST_43B_FR_12_F_01_R_01.PLY                 155260 verts     310516 tris  0.0s
2026-03-30 22:56:10  INFO      src.preprocess  Loaded  NAR_ST_43B_FR_13_F_01_R_01.PLY                  61311 verts     122618 tris  0.0s
2026-03-30 22:56:10  INFO      src.preprocess  Loaded  NAR_ST_43B_FR_14_F_01_R_01.PLY                  65056 verts     130112 tris  0.0s
2026-03-30 22:56:10  INFO      src.preprocess  Loaded  NAR_ST_43B_FR_15_F_01_R_01.PLY                  16327 verts      32652 tris  0.0s
2026-03-30 22:56:10  INFO      src.preprocess  Loaded  NAR_ST_43B_FR_16_F_01_R_01.PLY                 195698 verts     391394 tris  0.0s
2026-03-30 22:56:10  INFO      src.preprocess  Loaded  NAR_ST_43B_FR_17_F_01_R_01.PLY                  54192 verts     108380 tris  0.0s
2026-03-30 22:56:10  INFO      src.preprocess  Loaded 17/17 meshes successfully
2026-03-30 22:56:10  INFO      src.preprocess  --- Processing 1/17: NAR_ST_43B_FR_01_F_01_R_02 ---
2026-03-30 22:56:10  INFO      src.preprocess  Cache hit  NAR_ST_43B_FR_01_F_01_R_02                467139 tris
2026-03-30 22:56:19  INFO      src.preprocess  Preprocessed  NAR_ST_43B_FR_01_F_01_R_02           227622 verts  467139 tris  pcd=50000  colors=True   diag=807.6
2026-03-30 22:56:19  INFO      src.preprocess  --- Processing 2/17: NAR_ST_43B_FR_02_F_01_R_01 ---
2026-03-30 22:56:19  INFO      src.preprocess  Cache hit  NAR_ST_43B_FR_02_F_01_R_01                522100 tris
2026-03-30 22:56:29  INFO      src.preprocess  Preprocessed  NAR_ST_43B_FR_02_F_01_R_01           254816 verts  522100 tris  pcd=50000  colors=True   diag=803.1
2026-03-30 22:56:29  INFO      src.preprocess  --- Processing 3/17: NAR_ST_43B_FR_03_F_01_R_01 ---
2026-03-30 22:56:29  INFO      src.preprocess  Cache hit  NAR_ST_43B_FR_03_F_01_R_01                428367 tris
2026-03-30 22:56:39  INFO      src.preprocess  Preprocessed  NAR_ST_43B_FR_03_F_01_R_01           204723 verts  428367 tris  pcd=50000  colors=True   diag=893.0
2026-03-30 22:56:39  INFO      src.preprocess  --- Processing 4/17: NAR_ST_43B_FR_04_F_01_R_01 ---
2026-03-30 22:56:39  INFO      src.preprocess  Cache hit  NAR_ST_43B_FR_04_F_01_R_01                303471 tris
2026-03-30 22:56:48  INFO      src.preprocess  Preprocessed  NAR_ST_43B_FR_04_F_01_R_01           147035 verts  303471 tris  pcd=50000  colors=True   diag=756.6
2026-03-30 22:56:48  INFO      src.preprocess  --- Processing 5/17: NAR_ST_43B_FR_05_F_01_R_01 ---
2026-03-30 22:56:48  INFO      src.preprocess  Cache hit  NAR_ST_43B_FR_05_F_01_R_01                529556 tris
2026-03-30 22:56:57  INFO      src.preprocess  Preprocessed  NAR_ST_43B_FR_05_F_01_R_01           255305 verts  529556 tris  pcd=50000  colors=True   diag=967.1
2026-03-30 22:56:57  INFO      src.preprocess  --- Processing 6/17: NAR_ST_43B_FR_06_F_01_R_01 ---
2026-03-30 22:56:58  INFO      src.preprocess  Cache hit  NAR_ST_43B_FR_06_F_01_R_01                342717 tris
2026-03-30 22:57:07  INFO      src.preprocess  Preprocessed  NAR_ST_43B_FR_06_F_01_R_01           167211 verts  342717 tris  pcd=50000  colors=True   diag=684.7
2026-03-30 22:57:07  INFO      src.preprocess  --- Processing 7/17: NAR_ST_43B_FR_07_F_01_R_01 ---
2026-03-30 22:57:07  INFO      src.preprocess  Cache hit  NAR_ST_43B_FR_07_F_01_R_01                2751 tris
2026-03-30 22:57:07  INFO      src.preprocess  Preprocessed  NAR_ST_43B_FR_07_F_01_R_01           1318 verts  2751 tris  pcd=1318  colors=True   diag=76.2
2026-03-30 22:57:07  INFO      src.preprocess  --- Processing 8/17: NAR_ST_43B_FR_08_F_01_R_01 ---
2026-03-30 22:57:07  INFO      src.preprocess  Cache hit  NAR_ST_43B_FR_08_F_01_R_01                190578 tris
2026-03-30 22:57:16  INFO      src.preprocess  Preprocessed  NAR_ST_43B_FR_08_F_01_R_01           91840 verts  190578 tris  pcd=50000  colors=True   diag=604.9
2026-03-30 22:57:16  INFO      src.preprocess  --- Processing 9/17: NAR_ST_43B_FR_09_F_01_R_01 ---
2026-03-30 22:57:16  INFO      src.preprocess  Cache hit  NAR_ST_43B_FR_09_F_01_R_01                251242 tris
2026-03-30 22:57:25  INFO      src.preprocess  Preprocessed  NAR_ST_43B_FR_09_F_01_R_01           122608 verts  251242 tris  pcd=50000  colors=True   diag=779.1
2026-03-30 22:57:25  INFO      src.preprocess  --- Processing 10/17: NAR_ST_43B_FR_10_F_01_R_01 ---
2026-03-30 22:57:25  INFO      src.preprocess  Cache hit  NAR_ST_43B_FR_10_F_01_R_01                151651 tris
2026-03-30 23:01:15  INFO      __main__  Pipeline started. Config: config.yaml
2026-03-30 23:01:15  INFO      __main__  Input dir:  data/raw/3d
2026-03-30 23:01:15  INFO      __main__  Output dir: outputs
2026-03-30 23:01:15  INFO      __main__  Random seed: 42
2026-03-30 23:01:15  INFO      __main__  ============================================================
2026-03-30 23:01:15  INFO      __main__  PHASE 0+1: load, decimate, preprocess
2026-03-30 23:01:15  INFO      __main__  ============================================================
2026-03-30 23:01:15  INFO      src.preprocess  Discovered 17 mesh file(s) in data/raw/3d
2026-03-30 23:01:19  INFO      src.preprocess  Loaded  NAR_ST_43B_FR_01_F_01_R_02.PLY               11860704 verts   23644524 tris  3.5s
2026-03-30 23:01:22  INFO      src.preprocess  Loaded  NAR_ST_43B_FR_02_F_01_R_01.PLY               12950276 verts   25900514 tris  3.8s
2026-03-30 23:01:25  INFO      src.preprocess  Loaded  NAR_ST_43B_FR_03_F_01_R_01.PLY               10109479 verts   20218428 tris  3.0s
2026-03-30 23:01:27  INFO      src.preprocess  Loaded  NAR_ST_43B_FR_04_F_01_R_01.PLY                7764206 verts   15513165 tris  2.2s
2026-03-30 23:01:31  INFO      src.preprocess  Loaded  NAR_ST_43B_FR_05_F_01_R_01.PLY               12823848 verts   25635427 tris  3.7s
2026-03-30 23:01:34  INFO      src.preprocess  Loaded  NAR_ST_43B_FR_06_F_01_R_01.PLY                9179652 verts   18356468 tris  2.7s
2026-03-30 23:01:34  INFO      src.preprocess  Loaded  NAR_ST_43B_FR_07_F_01_R_01.PLY                  61311 verts     122618 tris  0.0s
2026-03-30 23:01:35  INFO      src.preprocess  Loaded  NAR_ST_43B_FR_08_F_01_R_01.PLY                5251221 verts   10476450 tris  1.5s
2026-03-30 23:01:37  INFO      src.preprocess  Loaded  NAR_ST_43B_FR_09_F_01_R_01.PLY                6384319 verts   12762988 tris  1.8s
2026-03-30 23:01:38  INFO      src.preprocess  Loaded  NAR_ST_43B_FR_10_F_01_R_01.PLY                3990451 verts    7980896 tris  1.1s
2026-03-30 23:01:40  INFO      src.preprocess  Loaded  NAR_ST_43B_FR_11_F_01_R_01.PLY                6885553 verts   13767902 tris  1.9s
2026-03-30 23:01:40  INFO      src.preprocess  Loaded  NAR_ST_43B_FR_12_F_01_R_01.PLY                 155260 verts     310516 tris  0.0s
2026-03-30 23:01:40  INFO      src.preprocess  Loaded  NAR_ST_43B_FR_13_F_01_R_01.PLY                  61311 verts     122618 tris  0.0s
2026-03-30 23:01:40  INFO      src.preprocess  Loaded  NAR_ST_43B_FR_14_F_01_R_01.PLY                  65056 verts     130112 tris  0.0s
2026-03-30 23:01:40  INFO      src.preprocess  Loaded  NAR_ST_43B_FR_15_F_01_R_01.PLY                  16327 verts      32652 tris  0.0s
2026-03-30 23:01:40  INFO      src.preprocess  Loaded  NAR_ST_43B_FR_16_F_01_R_01.PLY                 195698 verts     391394 tris  0.0s
2026-03-30 23:01:40  INFO      src.preprocess  Loaded  NAR_ST_43B_FR_17_F_01_R_01.PLY                  54192 verts     108380 tris  0.0s
2026-03-30 23:01:40  INFO      src.preprocess  Loaded 17/17 meshes successfully
2026-03-30 23:01:40  INFO      src.preprocess  --- Processing 1/17: NAR_ST_43B_FR_01_F_01_R_02 ---
2026-03-30 23:01:40  INFO      src.preprocess  Cache hit  NAR_ST_43B_FR_01_F_01_R_02                467139 tris
2026-03-30 23:01:50  INFO      src.preprocess  Preprocessed  NAR_ST_43B_FR_01_F_01_R_02           227622 verts  467139 tris  pcd=50000  colors=True   diag=807.6
2026-03-30 23:01:50  INFO      src.preprocess  --- Processing 2/17: NAR_ST_43B_FR_02_F_01_R_01 ---
2026-03-30 23:01:50  INFO      src.preprocess  Cache hit  NAR_ST_43B_FR_02_F_01_R_01                522100 tris
2026-03-30 23:01:59  INFO      src.preprocess  Preprocessed  NAR_ST_43B_FR_02_F_01_R_01           254816 verts  522100 tris  pcd=50000  colors=True   diag=803.1
2026-03-30 23:01:59  INFO      src.preprocess  --- Processing 3/17: NAR_ST_43B_FR_03_F_01_R_01 ---
2026-03-30 23:01:59  INFO      src.preprocess  Cache hit  NAR_ST_43B_FR_03_F_01_R_01                428367 tris
2026-03-30 23:02:08  INFO      src.preprocess  Preprocessed  NAR_ST_43B_FR_03_F_01_R_01           204723 verts  428367 tris  pcd=50000  colors=True   diag=893.0
2026-03-30 23:02:08  INFO      src.preprocess  --- Processing 4/17: NAR_ST_43B_FR_04_F_01_R_01 ---
2026-03-30 23:02:08  INFO      src.preprocess  Cache hit  NAR_ST_43B_FR_04_F_01_R_01                303471 tris
2026-03-30 23:02:17  INFO      src.preprocess  Preprocessed  NAR_ST_43B_FR_04_F_01_R_01           147035 verts  303471 tris  pcd=50000  colors=True   diag=756.6
2026-03-30 23:02:17  INFO      src.preprocess  --- Processing 5/17: NAR_ST_43B_FR_05_F_01_R_01 ---
2026-03-30 23:02:17  INFO      src.preprocess  Cache hit  NAR_ST_43B_FR_05_F_01_R_01                529556 tris
2026-03-30 23:02:27  INFO      src.preprocess  Preprocessed  NAR_ST_43B_FR_05_F_01_R_01           255305 verts  529556 tris  pcd=50000  colors=True   diag=967.1
2026-03-30 23:02:27  INFO      src.preprocess  --- Processing 6/17: NAR_ST_43B_FR_06_F_01_R_01 ---
2026-03-30 23:02:27  INFO      src.preprocess  Cache hit  NAR_ST_43B_FR_06_F_01_R_01                342717 tris
2026-03-30 23:02:36  INFO      src.preprocess  Preprocessed  NAR_ST_43B_FR_06_F_01_R_01           167211 verts  342717 tris  pcd=50000  colors=True   diag=684.7
2026-03-30 23:02:36  INFO      src.preprocess  --- Processing 7/17: NAR_ST_43B_FR_07_F_01_R_01 ---
2026-03-30 23:02:36  INFO      src.preprocess  Cache hit  NAR_ST_43B_FR_07_F_01_R_01                2751 tris
2026-03-30 23:02:36  INFO      src.preprocess  Preprocessed  NAR_ST_43B_FR_07_F_01_R_01           1318 verts  2751 tris  pcd=1318  colors=True   diag=76.2
2026-03-30 23:02:36  INFO      src.preprocess  --- Processing 8/17: NAR_ST_43B_FR_08_F_01_R_01 ---
2026-03-30 23:02:36  INFO      src.preprocess  Cache hit  NAR_ST_43B_FR_08_F_01_R_01                190578 tris
2026-03-30 23:02:45  INFO      src.preprocess  Preprocessed  NAR_ST_43B_FR_08_F_01_R_01           91840 verts  190578 tris  pcd=50000  colors=True   diag=604.9
2026-03-30 23:02:45  INFO      src.preprocess  --- Processing 9/17: NAR_ST_43B_FR_09_F_01_R_01 ---
2026-03-30 23:02:45  INFO      src.preprocess  Cache hit  NAR_ST_43B_FR_09_F_01_R_01                251242 tris
2026-03-30 23:02:54  INFO      src.preprocess  Preprocessed  NAR_ST_43B_FR_09_F_01_R_01           122608 verts  251242 tris  pcd=50000  colors=True   diag=779.1
2026-03-30 23:02:54  INFO      src.preprocess  --- Processing 10/17: NAR_ST_43B_FR_10_F_01_R_01 ---
2026-03-30 23:02:54  INFO      src.preprocess  Cache hit  NAR_ST_43B_FR_10_F_01_R_01                151651 tris
2026-03-30 23:03:04  INFO      src.preprocess  Preprocessed  NAR_ST_43B_FR_10_F_01_R_01           73711 verts  151651 tris  pcd=50000  colors=True   diag=615.6
2026-03-30 23:03:04  INFO      src.preprocess  --- Processing 11/17: NAR_ST_43B_FR_11_F_01_R_01 ---
2026-03-30 23:03:04  INFO      src.preprocess  Cache hit  NAR_ST_43B_FR_11_F_01_R_01                268967 tris
2026-03-30 23:03:13  INFO      src.preprocess  Preprocessed  NAR_ST_43B_FR_11_F_01_R_01           129789 verts  268967 tris  pcd=50000  colors=True   diag=741.7
2026-03-30 23:03:13  INFO      src.preprocess  --- Processing 12/17: NAR_ST_43B_FR_12_F_01_R_01 ---
2026-03-30 23:03:13  INFO      src.preprocess  Cache hit  NAR_ST_43B_FR_12_F_01_R_01                5881 tris
2026-03-30 23:03:14  INFO      src.preprocess  Preprocessed  NAR_ST_43B_FR_12_F_01_R_01           2864 verts  5881 tris  pcd=2864  colors=True   diag=97.2
2026-03-30 23:03:14  INFO      src.preprocess  --- Processing 13/17: NAR_ST_43B_FR_13_F_01_R_01 ---
2026-03-30 23:03:14  INFO      src.preprocess  Cache hit  NAR_ST_43B_FR_13_F_01_R_01                2751 tris
2026-03-30 23:03:14  INFO      src.preprocess  Preprocessed  NAR_ST_43B_FR_13_F_01_R_01           1318 verts  2751 tris  pcd=1318  colors=True   diag=76.2
2026-03-30 23:03:14  INFO      src.preprocess  --- Processing 14/17: NAR_ST_43B_FR_14_F_01_R_01 ---
2026-03-30 23:03:14  INFO      src.preprocess  Cache hit  NAR_ST_43B_FR_14_F_01_R_01                2708 tris
2026-03-30 23:03:14  INFO      src.preprocess  Preprocessed  NAR_ST_43B_FR_14_F_01_R_01           1288 verts  2708 tris  pcd=1288  colors=True   diag=72.3
2026-03-30 23:03:14  INFO      src.preprocess  --- Processing 15/17: NAR_ST_43B_FR_15_F_01_R_01 ---
2026-03-30 23:03:14  INFO      src.preprocess  Cache hit  NAR_ST_43B_FR_15_F_01_R_01                32652 tris
2026-03-30 23:03:17  INFO      src.preprocess  Preprocessed  NAR_ST_43B_FR_15_F_01_R_01           16327 verts  32652 tris  pcd=16327  colors=True   diag=37.5
2026-03-30 23:03:17  INFO      src.preprocess  --- Processing 16/17: NAR_ST_43B_FR_16_F_01_R_01 ---
2026-03-30 23:03:17  INFO      src.preprocess  Cache hit  NAR_ST_43B_FR_16_F_01_R_01                7949 tris
2026-03-30 23:03:18  INFO      src.preprocess  Preprocessed  NAR_ST_43B_FR_16_F_01_R_01           3831 verts  7949 tris  pcd=3831  colors=True   diag=115.2
2026-03-30 23:03:18  INFO      src.preprocess  --- Processing 17/17: NAR_ST_43B_FR_17_F_01_R_01 ---
2026-03-30 23:03:18  INFO      src.preprocess  Cache hit  NAR_ST_43B_FR_17_F_01_R_01                2403 tris
2026-03-30 23:03:18  INFO      src.preprocess  Preprocessed  NAR_ST_43B_FR_17_F_01_R_01           1157 verts  2403 tris  pcd=1157  colors=True   diag=56.9
2026-03-30 23:03:18  INFO      src.preprocess  Phase 0+1 complete: 17/17 fragments  total=123.1s
2026-03-30 23:03:19  INFO      __main__  Fragment summary saved to outputs/metrics/fragments_summary.json
2026-03-30 23:03:19  INFO      __main__  
2026-03-30 23:03:19  INFO      __main__    Fragment                                     V_raw     V_dec   PCD_pts  Colors  Diag_mm
2026-03-30 23:03:19  INFO      __main__    ------------------------------------------------------------------------------------------
2026-03-30 23:03:19  INFO      __main__    NAR_ST_43B_FR_01_F_01_R_02                11860704    227622     50000  True    807.6
2026-03-30 23:03:19  INFO      __main__    NAR_ST_43B_FR_02_F_01_R_01                12950276    254816     50000  True    803.1
2026-03-30 23:03:19  INFO      __main__    NAR_ST_43B_FR_03_F_01_R_01                10109479    204723     50000  True    893.0
2026-03-30 23:03:19  INFO      __main__    NAR_ST_43B_FR_04_F_01_R_01                 7764206    147035     50000  True    756.6
2026-03-30 23:03:19  INFO      __main__    NAR_ST_43B_FR_05_F_01_R_01                12823848    255305     50000  True    967.1
2026-03-30 23:03:19  INFO      __main__    NAR_ST_43B_FR_06_F_01_R_01                 9179652    167211     50000  True    684.7
2026-03-30 23:03:19  INFO      __main__    NAR_ST_43B_FR_07_F_01_R_01                   61311      1318      1318  True    76.2
2026-03-30 23:03:19  INFO      __main__    NAR_ST_43B_FR_08_F_01_R_01                 5251221     91840     50000  True    604.9
2026-03-30 23:03:19  INFO      __main__    NAR_ST_43B_FR_09_F_01_R_01                 6384319    122608     50000  True    779.1
2026-03-30 23:03:19  INFO      __main__    NAR_ST_43B_FR_10_F_01_R_01                 3990451     73711     50000  True    615.6
2026-03-30 23:03:19  INFO      __main__    NAR_ST_43B_FR_11_F_01_R_01                 6885553    129789     50000  True    741.7
2026-03-30 23:03:19  INFO      __main__    NAR_ST_43B_FR_12_F_01_R_01                  155260      2864      2864  True    97.2
2026-03-30 23:03:19  INFO      __main__    NAR_ST_43B_FR_13_F_01_R_01                   61311      1318      1318  True    76.2
2026-03-30 23:03:19  INFO      __main__    NAR_ST_43B_FR_14_F_01_R_01                   65056      1288      1288  True    72.2
2026-03-30 23:03:19  INFO      __main__    NAR_ST_43B_FR_15_F_01_R_01                   16327     16327     16327  True    37.5
2026-03-30 23:03:19  INFO      __main__    NAR_ST_43B_FR_16_F_01_R_01                  195698      3831      3831  True    115.2
2026-03-30 23:03:19  INFO      __main__    NAR_ST_43B_FR_17_F_01_R_01                   54192      1157      1157  True    56.9
2026-03-30 23:03:19  INFO      __main__  
2026-03-30 23:03:19  INFO      __main__  ============================================================
2026-03-30 23:03:19  INFO      __main__  PHASE 2-4: pairwise FPFH + RANSAC + ICP matching
2026-03-30 23:03:19  INFO      __main__  ============================================================
2026-03-30 23:03:19  INFO      src.pairwise_match  Phase 2-4: matching 17 fragments (136 pairs)
2026-03-30 23:03:19  INFO      src.pairwise_match    FPFH  NAR_ST_43B_FR_01_F_01_R_02                surface=50000 pts  down=49999 pts
2026-03-30 23:03:19  INFO      src.pairwise_match    FPFH  NAR_ST_43B_FR_02_F_01_R_01                surface=50000 pts  down=49998 pts
2026-03-30 23:03:19  INFO      src.pairwise_match    FPFH  NAR_ST_43B_FR_03_F_01_R_01                surface=50000 pts  down=49962 pts
2026-03-30 23:03:19  INFO      src.pairwise_match    FPFH  NAR_ST_43B_FR_04_F_01_R_01                surface=50000 pts  down=49760 pts
2026-03-30 23:03:19  INFO      src.pairwise_match    FPFH  NAR_ST_43B_FR_05_F_01_R_01                surface=50000 pts  down=49998 pts
2026-03-30 23:03:19  INFO      src.pairwise_match    FPFH  NAR_ST_43B_FR_06_F_01_R_01                surface=50000 pts  down=49950 pts
2026-03-30 23:03:20  INFO      src.pairwise_match    FPFH  NAR_ST_43B_FR_07_F_01_R_01                surface= 1318 pts  down= 896 pts
2026-03-30 23:03:20  INFO      src.pairwise_match    FPFH  NAR_ST_43B_FR_08_F_01_R_01                surface=50000 pts  down=46610 pts
2026-03-30 23:03:20  INFO      src.pairwise_match    FPFH  NAR_ST_43B_FR_09_F_01_R_01                surface=50000 pts  down=48865 pts
2026-03-30 23:03:20  INFO      src.pairwise_match    FPFH  NAR_ST_43B_FR_10_F_01_R_01                surface=50000 pts  down=42437 pts
2026-03-30 23:03:20  INFO      src.pairwise_match    FPFH  NAR_ST_43B_FR_11_F_01_R_01                surface=50000 pts  down=49669 pts
2026-03-30 23:03:20  INFO      src.pairwise_match    FPFH  NAR_ST_43B_FR_12_F_01_R_01                surface= 2864 pts  down=1995 pts
2026-03-30 23:03:20  INFO      src.pairwise_match    FPFH  NAR_ST_43B_FR_13_F_01_R_01                surface= 1318 pts  down= 886 pts
2026-03-30 23:03:20  INFO      src.pairwise_match    FPFH  NAR_ST_43B_FR_14_F_01_R_01                surface= 1288 pts  down= 869 pts
2026-03-30 23:03:21  INFO      src.pairwise_match    FPFH  NAR_ST_43B_FR_15_F_01_R_01                surface=16327 pts  down= 349 pts
2026-03-30 23:03:21  INFO      src.pairwise_match    FPFH  NAR_ST_43B_FR_16_F_01_R_01                surface= 3831 pts  down=2663 pts
2026-03-30 23:03:21  INFO      src.pairwise_match    FPFH  NAR_ST_43B_FR_17_F_01_R_01                surface= 1157 pts  down= 792 pts
2026-03-30 23:03:24  INFO      src.pairwise_match    [  2/136]  01_F_01_R_02         x 03_F_01_R_01          fit=0.106  rmse= 2.57  score=0.015  3.0s
2026-03-30 23:03:40  INFO      src.pairwise_match    [ 46/136]  04_F_01_R_01         x 05_F_01_R_01          fit=0.141  rmse= 2.05  score=0.045  3.1s
2026-03-30 23:03:43  INFO      src.pairwise_match    [ 47/136]  04_F_01_R_01         x 06_F_01_R_01          fit=0.364  rmse= 1.87  score=0.137  3.1s
2026-03-30 23:03:55  INFO      src.pairwise_match    [ 82/136]  07_F_01_R_01         x 08_F_01_R_01          fit=0.615  rmse= 2.38  score=0.126  2.8s
2026-03-30 23:03:59  INFO      src.pairwise_match    [ 83/136]  07_F_01_R_01         x 09_F_01_R_01          fit=0.642  rmse= 2.50  score=0.108  3.2s
2026-03-30 23:04:00  INFO      src.pairwise_match    [ 84/136]  07_F_01_R_01         x 10_F_01_R_01          fit=0.618  rmse= 1.61  score=0.287  1.0s
2026-03-30 23:04:02  INFO      src.pairwise_match    [ 85/136]  07_F_01_R_01         x 11_F_01_R_01          fit=0.791  rmse= 1.71  score=0.339  2.8s
2026-03-30 23:04:04  INFO      src.pairwise_match    [ 86/136]  07_F_01_R_01         x 12_F_01_R_01          fit=0.781  rmse= 2.29  score=0.186  1.3s
2026-03-30 23:04:04  INFO      src.pairwise_match    [ 87/136]  07_F_01_R_01         x 13_F_01_R_01          fit=1.000  rmse= 0.71  score=0.762  0.6s
2026-03-30 23:04:05  INFO      src.pairwise_match    [ 88/136]  07_F_01_R_01         x 14_F_01_R_01          fit=0.827  rmse= 2.16  score=0.232  0.8s
2026-03-30 23:04:08  INFO      src.pairwise_match    [ 89/136]  07_F_01_R_01         x 15_F_01_R_01          fit=0.309  rmse= 1.46  score=0.158  2.7s
2026-03-30 23:04:11  INFO      src.pairwise_match    [ 90/136]  07_F_01_R_01         x 16_F_01_R_01          fit=0.701  rmse= 1.50  score=0.350  3.0s
2026-03-30 23:04:13  INFO      src.pairwise_match    [ 91/136]  07_F_01_R_01         x 17_F_01_R_01          fit=0.619  rmse= 2.21  score=0.164  2.8s
2026-03-30 23:04:17  INFO      src.pairwise_match    [ 93/136]  08_F_01_R_01         x 10_F_01_R_01          fit=0.232  rmse= 1.81  score=0.092  3.5s
2026-03-30 23:04:20  INFO      src.pairwise_match    [ 94/136]  08_F_01_R_01         x 11_F_01_R_01          fit=0.105  rmse= 2.51  score=0.017  3.1s
2026-03-30 23:04:27  INFO      src.pairwise_match    [109/136]  10_F_01_R_01         x 11_F_01_R_01          fit=0.132  rmse= 2.46  score=0.024  3.3s
2026-03-30 23:04:33  INFO      src.pairwise_match    [122/136]  12_F_01_R_01         x 13_F_01_R_01          fit=0.317  rmse= 2.10  score=0.096  3.2s
2026-03-30 23:04:36  INFO      src.pairwise_match    [123/136]  12_F_01_R_01         x 14_F_01_R_01          fit=0.327  rmse= 2.13  score=0.095  3.1s
2026-03-30 23:04:39  INFO      src.pairwise_match    [124/136]  12_F_01_R_01         x 15_F_01_R_01          fit=0.125  rmse= 1.38  score=0.067  3.1s
2026-03-30 23:04:42  INFO      src.pairwise_match    [125/136]  12_F_01_R_01         x 16_F_01_R_01          fit=0.784  rmse= 1.52  score=0.387  2.9s
2026-03-30 23:04:45  INFO      src.pairwise_match    [126/136]  12_F_01_R_01         x 17_F_01_R_01          fit=0.315  rmse= 1.53  score=0.155  3.4s
2026-03-30 23:04:48  INFO      src.pairwise_match    [127/136]  13_F_01_R_01         x 14_F_01_R_01          fit=0.858  rmse= 2.15  score=0.244  2.7s
2026-03-30 23:04:51  INFO      src.pairwise_match    [128/136]  13_F_01_R_01         x 15_F_01_R_01          fit=0.315  rmse= 1.30  score=0.179  2.8s
2026-03-30 23:04:52  INFO      src.pairwise_match    [129/136]  13_F_01_R_01         x 16_F_01_R_01          fit=0.748  rmse= 2.15  score=0.211  1.7s
2026-03-30 23:04:55  INFO      src.pairwise_match    [130/136]  13_F_01_R_01         x 17_F_01_R_01          fit=0.597  rmse= 2.22  score=0.155  2.5s
2026-03-30 23:04:58  INFO      src.pairwise_match    [131/136]  14_F_01_R_01         x 15_F_01_R_01          fit=0.301  rmse= 1.90  score=0.111  3.1s
2026-03-30 23:05:00  INFO      src.pairwise_match    [132/136]  14_F_01_R_01         x 16_F_01_R_01          fit=0.720  rmse= 1.46  score=0.370  2.3s
2026-03-30 23:05:03  INFO      src.pairwise_match    [133/136]  14_F_01_R_01         x 17_F_01_R_01          fit=0.756  rmse= 1.96  score=0.261  2.9s
2026-03-30 23:40:22  INFO      __main__  Pipeline started. Config: config.yaml
2026-03-30 23:40:22  INFO      __main__  Input dir:  data/raw/3d
2026-03-30 23:40:22  INFO      __main__  Output dir: outputs
2026-03-30 23:40:22  INFO      __main__  Random seed: 42
2026-03-30 23:40:22  INFO      __main__  ============================================================
2026-03-30 23:40:22  INFO      __main__  PHASE 0+1: load, decimate, preprocess
2026-03-30 23:40:22  INFO      __main__  ============================================================
2026-03-30 23:40:22  INFO      src.preprocess  Discovered 17 mesh file(s) in data/raw/3d
2026-03-30 23:40:27  INFO      src.preprocess  Loaded  NAR_ST_43B_FR_01_F_01_R_02.PLY               11860704 verts   23644524 tris  4.8s
2026-03-30 23:40:32  INFO      src.preprocess  Loaded  NAR_ST_43B_FR_02_F_01_R_01.PLY               12950276 verts   25900514 tris  5.2s
2026-03-30 23:40:36  INFO      src.preprocess  Loaded  NAR_ST_43B_FR_03_F_01_R_01.PLY               10109479 verts   20218428 tris  4.1s
2026-03-30 23:40:39  INFO      src.preprocess  Loaded  NAR_ST_43B_FR_04_F_01_R_01.PLY                7764206 verts   15513165 tris  3.1s
2026-03-30 23:40:45  INFO      src.preprocess  Loaded  NAR_ST_43B_FR_05_F_01_R_01.PLY               12823848 verts   25635427 tris  5.1s
2026-03-30 23:40:48  INFO      src.preprocess  Loaded  NAR_ST_43B_FR_06_F_01_R_01.PLY                9179652 verts   18356468 tris  3.8s
2026-03-30 23:40:48  INFO      src.preprocess  Loaded  NAR_ST_43B_FR_07_F_01_R_01.PLY                  61311 verts     122618 tris  0.0s
2026-03-30 23:40:50  INFO      src.preprocess  Loaded  NAR_ST_43B_FR_08_F_01_R_01.PLY                5251221 verts   10476450 tris  2.1s
2026-03-30 23:40:53  INFO      src.preprocess  Loaded  NAR_ST_43B_FR_09_F_01_R_01.PLY                6384319 verts   12762988 tris  2.5s
2026-03-30 23:40:54  INFO      src.preprocess  Loaded  NAR_ST_43B_FR_10_F_01_R_01.PLY                3990451 verts    7980896 tris  1.5s
2026-03-30 23:40:57  INFO      src.preprocess  Loaded  NAR_ST_43B_FR_11_F_01_R_01.PLY                6885553 verts   13767902 tris  2.7s
2026-03-30 23:40:57  INFO      src.preprocess  Loaded  NAR_ST_43B_FR_12_F_01_R_01.PLY                 155260 verts     310516 tris  0.1s
2026-03-30 23:40:57  INFO      src.preprocess  Loaded  NAR_ST_43B_FR_13_F_01_R_01.PLY                  61311 verts     122618 tris  0.0s
2026-03-30 23:40:57  INFO      src.preprocess  Loaded  NAR_ST_43B_FR_14_F_01_R_01.PLY                  65056 verts     130112 tris  0.0s
2026-03-30 23:40:57  INFO      src.preprocess  Loaded  NAR_ST_43B_FR_15_F_01_R_01.PLY                  16327 verts      32652 tris  0.0s
2026-03-30 23:40:57  INFO      src.preprocess  Loaded  NAR_ST_43B_FR_16_F_01_R_01.PLY                 195698 verts     391394 tris  0.1s
2026-03-30 23:40:57  INFO      src.preprocess  Loaded  NAR_ST_43B_FR_17_F_01_R_01.PLY                  54192 verts     108380 tris  0.0s
2026-03-30 23:40:57  INFO      src.preprocess  Loaded 17/17 meshes successfully
2026-03-30 23:40:57  INFO      src.preprocess  --- Processing 1/17: NAR_ST_43B_FR_01_F_01_R_02 ---
2026-03-30 23:40:57  INFO      src.preprocess  Cache hit  NAR_ST_43B_FR_01_F_01_R_02                467139 tris
2026-03-30 23:41:09  INFO      src.preprocess  Preprocessed  NAR_ST_43B_FR_01_F_01_R_02           227622 verts  467139 tris  pcd=50000  colors=True   diag=807.6
2026-03-30 23:41:09  INFO      src.preprocess  --- Processing 2/17: NAR_ST_43B_FR_02_F_01_R_01 ---
2026-03-30 23:41:09  INFO      src.preprocess  Cache hit  NAR_ST_43B_FR_02_F_01_R_01                522100 tris
2026-03-30 23:41:21  INFO      src.preprocess  Preprocessed  NAR_ST_43B_FR_02_F_01_R_01           254816 verts  522100 tris  pcd=50000  colors=True   diag=803.1
2026-03-30 23:41:21  INFO      src.preprocess  --- Processing 3/17: NAR_ST_43B_FR_03_F_01_R_01 ---
2026-03-30 23:41:21  INFO      src.preprocess  Cache hit  NAR_ST_43B_FR_03_F_01_R_01                428367 tris
2026-03-30 23:41:34  INFO      src.preprocess  Preprocessed  NAR_ST_43B_FR_03_F_01_R_01           204723 verts  428367 tris  pcd=50000  colors=True   diag=893.0
2026-03-30 23:41:34  INFO      src.preprocess  --- Processing 4/17: NAR_ST_43B_FR_04_F_01_R_01 ---
2026-03-30 23:41:34  INFO      src.preprocess  Cache hit  NAR_ST_43B_FR_04_F_01_R_01                303471 tris
2026-03-30 23:41:46  INFO      src.preprocess  Preprocessed  NAR_ST_43B_FR_04_F_01_R_01           147035 verts  303471 tris  pcd=50000  colors=True   diag=756.6
2026-03-30 23:41:46  INFO      src.preprocess  --- Processing 5/17: NAR_ST_43B_FR_05_F_01_R_01 ---
2026-03-30 23:41:46  INFO      src.preprocess  Cache hit  NAR_ST_43B_FR_05_F_01_R_01                529556 tris
2026-03-30 23:41:58  INFO      src.preprocess  Preprocessed  NAR_ST_43B_FR_05_F_01_R_01           255305 verts  529556 tris  pcd=50000  colors=True   diag=967.1
2026-03-30 23:41:58  INFO      src.preprocess  --- Processing 6/17: NAR_ST_43B_FR_06_F_01_R_01 ---
2026-03-30 23:41:58  INFO      src.preprocess  Cache hit  NAR_ST_43B_FR_06_F_01_R_01                342717 tris
2026-03-30 23:42:10  INFO      src.preprocess  Preprocessed  NAR_ST_43B_FR_06_F_01_R_01           167211 verts  342717 tris  pcd=50000  colors=True   diag=684.7
2026-03-30 23:42:10  INFO      src.preprocess  --- Processing 7/17: NAR_ST_43B_FR_07_F_01_R_01 ---
2026-03-30 23:42:10  INFO      src.preprocess  Cache hit  NAR_ST_43B_FR_07_F_01_R_01                2751 tris
2026-03-30 23:42:10  INFO      src.preprocess  Preprocessed  NAR_ST_43B_FR_07_F_01_R_01           1318 verts  2751 tris  pcd=1318  colors=True   diag=76.2
2026-03-30 23:42:10  INFO      src.preprocess  --- Processing 8/17: NAR_ST_43B_FR_08_F_01_R_01 ---
2026-03-30 23:42:10  INFO      src.preprocess  Cache hit  NAR_ST_43B_FR_08_F_01_R_01                190578 tris
2026-03-30 23:42:22  INFO      src.preprocess  Preprocessed  NAR_ST_43B_FR_08_F_01_R_01           91840 verts  190578 tris  pcd=50000  colors=True   diag=604.9
2026-03-30 23:42:22  INFO      src.preprocess  --- Processing 9/17: NAR_ST_43B_FR_09_F_01_R_01 ---
2026-03-30 23:42:22  INFO      src.preprocess  Cache hit  NAR_ST_43B_FR_09_F_01_R_01                251242 tris
2026-03-30 23:42:34  INFO      src.preprocess  Preprocessed  NAR_ST_43B_FR_09_F_01_R_01           122608 verts  251242 tris  pcd=50000  colors=True   diag=779.1
2026-03-30 23:42:34  INFO      src.preprocess  --- Processing 10/17: NAR_ST_43B_FR_10_F_01_R_01 ---
2026-03-30 23:42:34  INFO      src.preprocess  Cache hit  NAR_ST_43B_FR_10_F_01_R_01                151651 tris
2026-03-30 23:42:45  INFO      src.preprocess  Preprocessed  NAR_ST_43B_FR_10_F_01_R_01           73711 verts  151651 tris  pcd=50000  colors=True   diag=615.6
2026-03-30 23:42:45  INFO      src.preprocess  --- Processing 11/17: NAR_ST_43B_FR_11_F_01_R_01 ---
2026-03-30 23:42:45  INFO      src.preprocess  Cache hit  NAR_ST_43B_FR_11_F_01_R_01                268967 tris
2026-03-30 23:42:58  INFO      src.preprocess  Preprocessed  NAR_ST_43B_FR_11_F_01_R_01           129789 verts  268967 tris  pcd=50000  colors=True   diag=741.7
2026-03-30 23:42:58  INFO      src.preprocess  --- Processing 12/17: NAR_ST_43B_FR_12_F_01_R_01 ---
2026-03-30 23:42:58  INFO      src.preprocess  Cache hit  NAR_ST_43B_FR_12_F_01_R_01                5881 tris
2026-03-30 23:42:58  INFO      src.preprocess  Preprocessed  NAR_ST_43B_FR_12_F_01_R_01           2864 verts  5881 tris  pcd=2864  colors=True   diag=97.2
2026-03-30 23:42:58  INFO      src.preprocess  --- Processing 13/17: NAR_ST_43B_FR_13_F_01_R_01 ---
2026-03-30 23:42:58  INFO      src.preprocess  Cache hit  NAR_ST_43B_FR_13_F_01_R_01                2751 tris
2026-03-30 23:42:59  INFO      src.preprocess  Preprocessed  NAR_ST_43B_FR_13_F_01_R_01           1318 verts  2751 tris  pcd=1318  colors=True   diag=76.2
2026-03-30 23:42:59  INFO      src.preprocess  --- Processing 14/17: NAR_ST_43B_FR_14_F_01_R_01 ---
2026-03-30 23:42:59  INFO      src.preprocess  Cache hit  NAR_ST_43B_FR_14_F_01_R_01                2708 tris
2026-03-30 23:42:59  INFO      src.preprocess  Preprocessed  NAR_ST_43B_FR_14_F_01_R_01           1288 verts  2708 tris  pcd=1288  colors=True   diag=72.3
2026-03-30 23:42:59  INFO      src.preprocess  --- Processing 15/17: NAR_ST_43B_FR_15_F_01_R_01 ---
2026-03-30 23:42:59  INFO      src.preprocess  Cache hit  NAR_ST_43B_FR_15_F_01_R_01                32652 tris
2026-03-30 23:43:02  INFO      src.preprocess  Preprocessed  NAR_ST_43B_FR_15_F_01_R_01           16327 verts  32652 tris  pcd=16327  colors=True   diag=37.5
2026-03-30 23:43:02  INFO      src.preprocess  --- Processing 16/17: NAR_ST_43B_FR_16_F_01_R_01 ---
2026-03-30 23:43:02  INFO      src.preprocess  Cache hit  NAR_ST_43B_FR_16_F_01_R_01                7949 tris
2026-03-30 23:43:03  INFO      src.preprocess  Preprocessed  NAR_ST_43B_FR_16_F_01_R_01           3831 verts  7949 tris  pcd=3831  colors=True   diag=115.2
2026-03-30 23:43:03  INFO      src.preprocess  --- Processing 17/17: NAR_ST_43B_FR_17_F_01_R_01 ---
2026-03-30 23:43:03  INFO      src.preprocess  Cache hit  NAR_ST_43B_FR_17_F_01_R_01                2403 tris
2026-03-30 23:43:03  INFO      src.preprocess  Preprocessed  NAR_ST_43B_FR_17_F_01_R_01           1157 verts  2403 tris  pcd=1157  colors=True   diag=56.9
2026-03-30 23:43:03  INFO      src.preprocess  Phase 0+1 complete: 17/17 fragments  total=161.2s
2026-03-30 23:43:04  INFO      __main__  Fragment summary saved to outputs/metrics/fragments_summary.json
2026-03-30 23:43:04  INFO      __main__  
2026-03-30 23:43:04  INFO      __main__    Fragment                                     V_raw     V_dec   PCD_pts  Colors  Diag_mm
2026-03-30 23:43:04  INFO      __main__    ------------------------------------------------------------------------------------------
2026-03-30 23:43:04  INFO      __main__    NAR_ST_43B_FR_01_F_01_R_02                11860704    227622     50000  True    807.6
2026-03-30 23:43:04  INFO      __main__    NAR_ST_43B_FR_02_F_01_R_01                12950276    254816     50000  True    803.1
2026-03-30 23:43:04  INFO      __main__    NAR_ST_43B_FR_03_F_01_R_01                10109479    204723     50000  True    893.0
2026-03-30 23:43:04  INFO      __main__    NAR_ST_43B_FR_04_F_01_R_01                 7764206    147035     50000  True    756.6
2026-03-30 23:43:04  INFO      __main__    NAR_ST_43B_FR_05_F_01_R_01                12823848    255305     50000  True    967.1
2026-03-30 23:43:04  INFO      __main__    NAR_ST_43B_FR_06_F_01_R_01                 9179652    167211     50000  True    684.7
2026-03-30 23:43:04  INFO      __main__    NAR_ST_43B_FR_07_F_01_R_01                   61311      1318      1318  True    76.2
2026-03-30 23:43:04  INFO      __main__    NAR_ST_43B_FR_08_F_01_R_01                 5251221     91840     50000  True    604.9
2026-03-30 23:43:04  INFO      __main__    NAR_ST_43B_FR_09_F_01_R_01                 6384319    122608     50000  True    779.1
2026-03-30 23:43:04  INFO      __main__    NAR_ST_43B_FR_10_F_01_R_01                 3990451     73711     50000  True    615.6
2026-03-30 23:43:04  INFO      __main__    NAR_ST_43B_FR_11_F_01_R_01                 6885553    129789     50000  True    741.7
2026-03-30 23:43:04  INFO      __main__    NAR_ST_43B_FR_12_F_01_R_01                  155260      2864      2864  True    97.2
2026-03-30 23:43:04  INFO      __main__    NAR_ST_43B_FR_13_F_01_R_01                   61311      1318      1318  True    76.2
2026-03-30 23:43:04  INFO      __main__    NAR_ST_43B_FR_14_F_01_R_01                   65056      1288      1288  True    72.2
2026-03-30 23:43:04  INFO      __main__    NAR_ST_43B_FR_15_F_01_R_01                   16327     16327     16327  True    37.5
2026-03-30 23:43:04  INFO      __main__    NAR_ST_43B_FR_16_F_01_R_01                  195698      3831      3831  True    115.2
2026-03-30 23:43:04  INFO      __main__    NAR_ST_43B_FR_17_F_01_R_01                   54192      1157      1157  True    56.9
2026-03-30 23:43:04  INFO      __main__  
2026-03-30 23:43:04  INFO      __main__  ============================================================
2026-03-30 23:43:04  INFO      __main__  PHASE 2-4: pairwise FPFH + RANSAC + ICP matching
2026-03-30 23:43:04  INFO      __main__  ============================================================
2026-03-30 23:43:04  INFO      src.pairwise_match  Phase 2-4: matching 17 fragments (136 pairs)
2026-03-30 23:43:04  INFO      src.pairwise_match    FPFH  NAR_ST_43B_FR_01_F_01_R_02                surface=50000 pts  down=50000 pts
2026-03-30 23:43:04  INFO      src.pairwise_match    FPFH  NAR_ST_43B_FR_02_F_01_R_01                surface=50000 pts  down=49999 pts
2026-03-30 23:43:05  INFO      src.pairwise_match    FPFH  NAR_ST_43B_FR_03_F_01_R_01                surface=50000 pts  down=49973 pts
2026-03-30 23:43:05  INFO      src.pairwise_match    FPFH  NAR_ST_43B_FR_04_F_01_R_01                surface=50000 pts  down=49779 pts
2026-03-30 23:43:05  INFO      src.pairwise_match    FPFH  NAR_ST_43B_FR_05_F_01_R_01                surface=50000 pts  down=49999 pts
2026-03-30 23:43:06  INFO      src.pairwise_match    FPFH  NAR_ST_43B_FR_06_F_01_R_01                surface=50000 pts  down=49960 pts
2026-03-30 23:43:06  INFO      src.pairwise_match    FPFH  NAR_ST_43B_FR_07_F_01_R_01                surface= 1318 pts  down= 878 pts
2026-03-30 23:43:06  INFO      src.pairwise_match    FPFH  NAR_ST_43B_FR_08_F_01_R_01                surface=50000 pts  down=46586 pts
2026-03-30 23:43:06  INFO      src.pairwise_match    FPFH  NAR_ST_43B_FR_09_F_01_R_01                surface=50000 pts  down=48842 pts
2026-03-30 23:43:06  INFO      src.pairwise_match    FPFH  NAR_ST_43B_FR_10_F_01_R_01                surface=50000 pts  down=42293 pts
2026-03-30 23:43:07  INFO      src.pairwise_match    FPFH  NAR_ST_43B_FR_11_F_01_R_01                surface=50000 pts  down=49664 pts
2026-03-30 23:43:07  INFO      src.pairwise_match    FPFH  NAR_ST_43B_FR_12_F_01_R_01                surface= 2864 pts  down=1996 pts
2026-03-30 23:43:07  INFO      src.pairwise_match    FPFH  NAR_ST_43B_FR_13_F_01_R_01                surface= 1318 pts  down= 876 pts
2026-03-30 23:43:07  INFO      src.pairwise_match    FPFH  NAR_ST_43B_FR_14_F_01_R_01                surface= 1288 pts  down= 861 pts
2026-03-30 23:43:07  INFO      src.pairwise_match    FPFH  NAR_ST_43B_FR_15_F_01_R_01                surface=16327 pts  down= 351 pts
2026-03-30 23:43:07  INFO      src.pairwise_match    FPFH  NAR_ST_43B_FR_16_F_01_R_01                surface= 3831 pts  down=2657 pts
2026-03-30 23:43:07  INFO      src.pairwise_match    FPFH  NAR_ST_43B_FR_17_F_01_R_01                surface= 1157 pts  down= 794 pts
2026-03-30 23:43:20  INFO      src.pairwise_match    [ 25/136]  02_F_01_R_01         x 11_F_01_R_01          fit=0.128  rmse= 2.43  score=0.024  1.8s
2026-03-30 23:43:41  INFO      src.pairwise_match    [ 82/136]  07_F_01_R_01         x 08_F_01_R_01          fit=0.707  rmse= 1.82  score=0.278  0.2s
2026-03-30 23:43:41  INFO      src.pairwise_match    [ 83/136]  07_F_01_R_01         x 09_F_01_R_01          fit=0.604  rmse= 2.39  score=0.123  0.2s
2026-03-30 23:43:42  INFO      src.pairwise_match    [ 84/136]  07_F_01_R_01         x 10_F_01_R_01          fit=0.611  rmse= 1.65  score=0.274  0.2s
2026-03-30 23:43:42  INFO      src.pairwise_match    [ 85/136]  07_F_01_R_01         x 11_F_01_R_01          fit=0.791  rmse= 1.77  score=0.324  0.2s
2026-03-30 23:43:42  INFO      src.pairwise_match    [ 86/136]  07_F_01_R_01         x 12_F_01_R_01          fit=0.736  rmse= 2.33  score=0.164  0.1s
2026-03-30 23:43:42  INFO      src.pairwise_match    [ 87/136]  07_F_01_R_01         x 13_F_01_R_01          fit=1.000  rmse= 0.70  score=0.768  0.0s
2026-03-30 23:43:42  INFO      src.pairwise_match    [ 88/136]  07_F_01_R_01         x 14_F_01_R_01          fit=0.847  rmse= 2.31  score=0.196  0.1s
2026-03-30 23:43:42  INFO      src.pairwise_match    [ 89/136]  07_F_01_R_01         x 15_F_01_R_01          fit=0.302  rmse= 2.36  score=0.064  0.1s
2026-03-30 23:43:42  INFO      src.pairwise_match    [ 90/136]  07_F_01_R_01         x 16_F_01_R_01          fit=0.707  rmse= 2.07  score=0.220  0.1s
2026-03-30 23:43:42  INFO      src.pairwise_match    [ 91/136]  07_F_01_R_01         x 17_F_01_R_01          fit=0.576  rmse= 2.34  score=0.127  0.1s
2026-03-30 23:43:44  INFO      src.pairwise_match    [ 93/136]  08_F_01_R_01         x 10_F_01_R_01          fit=0.141  rmse= 1.76  score=0.058  1.3s
2026-03-30 23:43:49  INFO      src.pairwise_match    [109/136]  10_F_01_R_01         x 11_F_01_R_01          fit=0.248  rmse= 1.79  score=0.100  1.1s
2026-03-30 23:43:51  INFO      src.pairwise_match    [122/136]  12_F_01_R_01         x 13_F_01_R_01          fit=0.330  rmse= 1.98  score=0.112  0.1s
2026-03-30 23:43:51  INFO      src.pairwise_match    [123/136]  12_F_01_R_01         x 14_F_01_R_01          fit=0.303  rmse= 2.13  score=0.088  0.1s
2026-03-30 23:43:51  INFO      src.pairwise_match    [124/136]  12_F_01_R_01         x 15_F_01_R_01          fit=0.105  rmse= 1.45  score=0.054  0.2s
2026-03-30 23:43:51  INFO      src.pairwise_match    [125/136]  12_F_01_R_01         x 16_F_01_R_01          fit=0.783  rmse= 1.51  score=0.389  0.1s
2026-03-30 23:43:51  INFO      src.pairwise_match    [126/136]  12_F_01_R_01         x 17_F_01_R_01          fit=0.312  rmse= 1.48  score=0.158  0.1s
2026-03-30 23:43:52  INFO      src.pairwise_match    [127/136]  13_F_01_R_01         x 14_F_01_R_01          fit=0.809  rmse= 2.22  score=0.212  0.1s
2026-03-30 23:43:52  INFO      src.pairwise_match    [128/136]  13_F_01_R_01         x 15_F_01_R_01          fit=0.297  rmse= 2.34  score=0.065  0.1s
2026-03-30 23:43:52  INFO      src.pairwise_match    [129/136]  13_F_01_R_01         x 16_F_01_R_01          fit=0.775  rmse= 2.02  score=0.253  0.1s
2026-03-30 23:43:52  INFO      src.pairwise_match    [130/136]  13_F_01_R_01         x 17_F_01_R_01          fit=0.600  rmse= 2.25  score=0.149  0.1s
2026-03-30 23:43:52  INFO      src.pairwise_match    [131/136]  14_F_01_R_01         x 15_F_01_R_01          fit=0.281  rmse= 1.37  score=0.153  0.1s
2026-03-30 23:43:52  INFO      src.pairwise_match    [132/136]  14_F_01_R_01         x 16_F_01_R_01          fit=0.813  rmse= 2.09  score=0.247  0.1s
2026-03-30 23:43:52  INFO      src.pairwise_match    [133/136]  14_F_01_R_01         x 17_F_01_R_01          fit=0.767  rmse= 2.00  score=0.256  0.1s
2026-03-30 23:43:52  INFO      src.pairwise_match    [134/136]  15_F_01_R_01         x 16_F_01_R_01          fit=0.909  rmse= 1.37  score=0.494  0.1s
2026-03-30 23:43:52  INFO      src.pairwise_match    [135/136]  15_F_01_R_01         x 17_F_01_R_01          fit=0.840  rmse= 2.13  score=0.245  0.1s
2026-03-30 23:43:52  INFO      src.pairwise_match    [136/136]  16_F_01_R_01         x 17_F_01_R_01          fit=0.221  rmse= 2.09  score=0.067  0.1s
2026-03-30 23:43:52  INFO      src.pairwise_match  Pairwise matching done: 28 / 136 pairs passed threshold  total=48.4s
2026-03-30 23:43:52  INFO      __main__  Pairwise results: 28 pairs passed threshold
2026-03-30 23:43:52  INFO      __main__  ============================================================
2026-03-30 23:43:52  INFO      __main__  PHASE 5-6: MST assembly + cross-validation
2026-03-30 23:43:52  INFO      __main__  ============================================================
2026-03-30 23:43:52  INFO      src.assembly  Compatibility graph: 17 nodes  16 edges (threshold=0.15)
2026-03-30 23:43:52  INFO      src.assembly  Anchor: NAR_ST_43B_FR_05_F_01_R_01
2026-03-30 23:43:52  INFO      src.assembly  MST: 17 nodes  9 edges  8 component(s)
2026-03-30 23:43:52  INFO      src.assembly  Component 1: sub-anchor = NAR_ST_43B_FR_01_F_01_R_02
2026-03-30 23:43:52  INFO      src.assembly  Component 2: sub-anchor = NAR_ST_43B_FR_02_F_01_R_01
2026-03-30 23:43:52  INFO      src.assembly  Component 3: sub-anchor = NAR_ST_43B_FR_03_F_01_R_01
2026-03-30 23:43:52  INFO      src.assembly  Component 4: sub-anchor = NAR_ST_43B_FR_04_F_01_R_01
2026-03-30 23:43:52  INFO      src.assembly  Component 6: sub-anchor = NAR_ST_43B_FR_06_F_01_R_01
2026-03-30 23:43:52  INFO      src.assembly  Component 7: sub-anchor = NAR_ST_43B_FR_11_F_01_R_01
2026-03-30 23:43:52  INFO      src.assembly  Component 8: sub-anchor = NAR_ST_43B_FR_09_F_01_R_01
2026-03-30 23:43:53  INFO      src.assembly  Assembly complete: 17 / 17 placed  0.6s
2026-03-30 23:43:53  INFO      __main__  ============================================================
2026-03-30 23:43:53  INFO      __main__  PHASE 7: global refinement
2026-03-30 23:43:53  INFO      __main__  ============================================================
2026-03-30 23:43:53  INFO      src.refine  Phase 7: global refinement disabled (refine.run_refinement: false)
2026-03-30 23:43:53  INFO      __main__  ============================================================
2026-03-30 23:43:53  INFO      __main__  PHASE 8-9: metrics + export
2026-03-30 23:43:53  INFO      __main__  ============================================================
2026-03-30 23:43:54  INFO      __main__  Metrics saved -> outputs/metrics/summary.json
2026-03-30 23:43:54  INFO      __main__  Pairwise scores saved -> outputs/metrics/pairwise_scores.json
2026-03-30 23:43:54  INFO      __main__  Transforms saved -> outputs/transforms.json
2026-03-30 23:43:55  INFO      src.visualize  Exported PLYs: 17 fragments  528103 total points -> outputs/meshes
2026-03-30 23:43:55  INFO      src.visualize  Saved fragment_sizes.png
2026-03-30 23:43:55  INFO      src.visualize  Saved pairwise_heatmap.png
2026-03-30 23:43:55  INFO      src.visualize  Saved assembly_graph.png
2026-03-30 23:43:56  INFO      src.visualize  Saved assembly_preview_fragment_colors.png
2026-03-30 23:43:57  INFO      src.visualize  Saved assembly_preview_vertex_colors.png
2026-03-30 23:43:57  INFO      __main__  ============================================================
2026-03-30 23:43:57  INFO      __main__  Pipeline complete. Total time: 215.2s
2026-03-30 23:43:57  INFO      __main__  Results in: outputs
